<?xml version="1.0" encoding="UTF-8"?>
<robot generator="Robot 7.0 (Python 3.12.2 on win32)" generated="2024-04-25T11:19:13.789487" rpa="false" schemaversion="5">
<suite id="s1" name="Test" source="c:\Users\truc.tran\Desktop\Graduation_thesis\truc\test.robot">
<test id="s1-t1" name="Log in not success" line="8">
<kw name="Setup Keywords" type="SETUP">
<kw name="Open Browser" owner="SeleniumLibrary">
<msg time="2024-04-25T11:19:14.563536" level="INFO">Opening browser 'chrome' to base url ' https://bearstore-testsite.smartbear.com/'.</msg>
<arg>${URL}</arg>
<arg>chrome</arg>
<doc>Opens a new browser instance to the optional ``url``.</doc>
<status status="PASS" start="2024-04-25T11:19:14.559547" elapsed="5.297179"/>
</kw>
<kw name="Maximize Browser Window" owner="SeleniumLibrary">
<doc>Maximizes current browser window.</doc>
<status status="PASS" start="2024-04-25T11:19:19.860715" elapsed="0.075798"/>
</kw>
<status status="PASS" start="2024-04-25T11:19:14.549573" elapsed="5.387937"/>
</kw>
<kw name="Maximize Browser Window" owner="SeleniumLibrary">
<doc>Maximizes current browser window.</doc>
<status status="PASS" start="2024-04-25T11:19:19.955468" elapsed="0.038456"/>
</kw>
<kw name="Click Element" owner="SeleniumLibrary">
<msg time="2024-04-25T11:19:20.001894" level="INFO">Clicking element 'css:.fa-user-circle'.</msg>
<arg>css:.fa-user-circle</arg>
<doc>Click the element identified by ``locator``.</doc>
<status status="PASS" start="2024-04-25T11:19:19.998905" elapsed="0.872413"/>
</kw>
<kw name="Input Text" owner="SeleniumLibrary">
<msg time="2024-04-25T11:19:20.874310" level="INFO">Typing text '@trantruc2001' into text field 'css:#UsernameOrEmail'.</msg>
<arg>css:#UsernameOrEmail</arg>
<arg>${USER_NAME}</arg>
<doc>Types the given ``text`` into the text field identified by ``locator``.</doc>
<status status="PASS" start="2024-04-25T11:19:20.872316" elapsed="0.164559"/>
</kw>
<kw name="Input Password" owner="SeleniumLibrary">
<msg time="2024-04-25T11:19:21.042859" level="INFO">Typing password into text field 'css:#Password'.</msg>
<msg time="2024-04-25T11:19:21.106688" level="INFO">Temporally setting log level to: NONE</msg>
<arg>css:#Password</arg>
<arg>${PASS_WRONG}</arg>
<doc>Types the given password into the text field identified by ``locator``.</doc>
<status status="PASS" start="2024-04-25T11:19:21.039867" elapsed="0.162564"/>
</kw>
<kw name="Click Element" owner="SeleniumLibrary">
<msg time="2024-04-25T11:19:21.205423" level="INFO">Clicking element 'css:.btn-login'.</msg>
<arg>css:.btn-login</arg>
<doc>Click the element identified by ``locator``.</doc>
<status status="PASS" start="2024-04-25T11:19:21.204427" elapsed="0.685903"/>
</kw>
<kw name="Page Should Contain" owner="SeleniumLibrary">
<msg time="2024-04-25T11:19:21.968121" level="INFO">Current page contains text 'Login was unsuccessful. Please correct the errors and try again.'.</msg>
<arg>Login was unsuccessful. Please correct the errors and try again.</arg>
<doc>Verifies that current page contains ``text``.</doc>
<status status="PASS" start="2024-04-25T11:19:21.896313" elapsed="0.072805"/>
</kw>
<kw name="Close Browser" owner="SeleniumLibrary" type="TEARDOWN">
<doc>Closes the current browser.</doc>
<status status="PASS" start="2024-04-25T11:19:21.994052" elapsed="2.305873"/>
</kw>
<tag>Low</tag>
<status status="PASS" start="2024-04-25T11:19:14.544615" elapsed="9.759292"/>
</test>
<test id="s1-t2" name="Log in success" line="16">
<kw name="Setup Keywords" type="SETUP">
<kw name="Open Browser" owner="SeleniumLibrary">
<msg time="2024-04-25T11:19:24.331832" level="INFO">Opening browser 'chrome' to base url ' https://bearstore-testsite.smartbear.com/'.</msg>
<arg>${URL}</arg>
<arg>chrome</arg>
<doc>Opens a new browser instance to the optional ``url``.</doc>
<status status="PASS" start="2024-04-25T11:19:24.329837" elapsed="2.591461"/>
</kw>
<kw name="Maximize Browser Window" owner="SeleniumLibrary">
<doc>Maximizes current browser window.</doc>
<status status="PASS" start="2024-04-25T11:19:26.928293" elapsed="3.333971"/>
</kw>
<status status="PASS" start="2024-04-25T11:19:24.326847" elapsed="5.936413"/>
</kw>
<kw name="Maximize Browser Window" owner="SeleniumLibrary">
<doc>Maximizes current browser window.</doc>
<status status="PASS" start="2024-04-25T11:19:30.271240" elapsed="0.007977"/>
</kw>
<kw name="Click Element" owner="SeleniumLibrary">
<msg time="2024-04-25T11:19:30.282209" level="INFO">Clicking element 'css:.fa-user-circle'.</msg>
<arg>css:.fa-user-circle</arg>
<doc>Click the element identified by ``locator``.</doc>
<status status="PASS" start="2024-04-25T11:19:30.281212" elapsed="0.769485"/>
</kw>
<kw name="Input Text" owner="SeleniumLibrary">
<msg time="2024-04-25T11:19:31.053689" level="INFO">Typing text '@trantruc2001' into text field 'css:#UsernameOrEmail'.</msg>
<arg>css:#UsernameOrEmail</arg>
<arg>${USER_NAME}</arg>
<doc>Types the given ``text`` into the text field identified by ``locator``.</doc>
<status status="PASS" start="2024-04-25T11:19:31.051694" elapsed="0.149601"/>
</kw>
<kw name="Input Password" owner="SeleniumLibrary">
<msg time="2024-04-25T11:19:31.205283" level="INFO">Typing password into text field 'css:#Password'.</msg>
<msg time="2024-04-25T11:19:31.263130" level="INFO">Temporally setting log level to: NONE</msg>
<arg>css:#Password</arg>
<arg>${PASS_RIGHT}</arg>
<doc>Types the given password into the text field identified by ``locator``.</doc>
<status status="PASS" start="2024-04-25T11:19:31.203290" elapsed="0.155584"/>
</kw>
<kw name="Click Element" owner="SeleniumLibrary">
<msg time="2024-04-25T11:19:31.361866" level="INFO">Clicking element 'css:.btn-login'.</msg>
<arg>css:.btn-login</arg>
<doc>Click the element identified by ``locator``.</doc>
<status status="PASS" start="2024-04-25T11:19:31.359870" elapsed="1.046837"/>
</kw>
<kw name="Page Should Contain" owner="SeleniumLibrary">
<msg time="2024-04-25T11:19:32.435629" level="INFO">Current page contains text 'Welcome to our store.'.</msg>
<arg>Welcome to our store.</arg>
<doc>Verifies that current page contains ``text``.</doc>
<status status="PASS" start="2024-04-25T11:19:32.409699" elapsed="0.026928"/>
</kw>
<kw name="Close Browser" owner="SeleniumLibrary" type="TEARDOWN">
<doc>Closes the current browser.</doc>
<status status="PASS" start="2024-04-25T11:19:32.438621" elapsed="2.314885"/>
</kw>
<tag>High</tag>
<status status="PASS" start="2024-04-25T11:19:24.317871" elapsed="10.438595"/>
</test>
<status status="PASS" start="2024-04-25T11:19:13.809471" elapsed="20.962982"/>
</suite>
<statistics>
<total>
<stat pass="2" fail="0" skip="0">All Tests</stat>
</total>
<tag>
<stat pass="1" fail="0" skip="0">High</stat>
<stat pass="1" fail="0" skip="0">Low</stat>
</tag>
<suite>
<stat pass="2" fail="0" skip="0" id="s1" name="Test">Test</stat>
</suite>
</statistics>
<errors>
</errors>
</robot>
