<?xml version="1.0" encoding="UTF-8"?>
<robot generator="Robot 7.0 (Python 3.12.2 on win32)" generated="2024-03-26T14:55:30.267894" rpa="false" schemaversion="5">
<suite id="s1" name="Test" source="c:\Users\ThinkPad\Desktop\Graduation_thesis\test.robot">
<test id="s1-t1" name="Example Test" line="5">
<kw name="Example Keyword">
<kw name="Log Many" owner="BuiltIn">
<msg time="2024-03-26T14:55:30.303797" level="INFO">arg1=value1</msg>
<msg time="2024-03-26T14:55:30.305801" level="INFO">arg2=value2</msg>
<msg time="2024-03-26T14:55:30.305801" level="INFO">arg3=value3</msg>
<arg>@{kwargs}</arg>
<doc>Logs the given messages as separate entries using the INFO level.</doc>
<status status="PASS" start="2024-03-26T14:55:30.303797" elapsed="0.002004"/>
</kw>
<return>
<value>${kwargs}</value>
<status status="PASS" start="2024-03-26T14:55:30.305801" elapsed="0.000000"/>
</return>
<msg time="2024-03-26T14:55:30.306789" level="INFO">${result} = ['arg1=value1', 'arg2=value2', 'arg3=value3']</msg>
<var>${result}</var>
<arg>arg1=value1</arg>
<arg>arg2=value2</arg>
<arg>arg3=value3</arg>
<status status="PASS" start="2024-03-26T14:55:30.302800" elapsed="0.003989"/>
</kw>
<kw name="Log" owner="BuiltIn">
<msg time="2024-03-26T14:55:30.306789" level="INFO">['arg1=value1', 'arg2=value2', 'arg3=value3']</msg>
<arg>${result}</arg>
<doc>Logs the given message with the given level.</doc>
<status status="PASS" start="2024-03-26T14:55:30.306789" elapsed="0.000997"/>
</kw>
<status status="PASS" start="2024-03-26T14:55:30.302800" elapsed="0.004986"/>
</test>
<status status="PASS" start="2024-03-26T14:55:30.272880" elapsed="0.035905"/>
</suite>
<statistics>
<total>
<stat pass="1" fail="0" skip="0">All Tests</stat>
</total>
<tag>
</tag>
<suite>
<stat pass="1" fail="0" skip="0" id="s1" name="Test">Test</stat>
</suite>
</statistics>
<errors>
<msg time="2024-03-26T14:55:30.260912" level="WARN">Error in file 'c:\Users\ThinkPad\Desktop\Graduation_thesis\test.robot' on line 18: The '[Return]' setting is deprecated. Use the 'RETURN' statement instead.</msg>
</errors>
</robot>
