<?xml version="1.0" encoding="UTF-8"?>
<robot generator="Robot 7.0 (Python 3.12.2 on win32)" generated="2024-03-23T16:43:19.318599" rpa="false" schemaversion="5">
<suite id="s1" name="Demo" source="c:\Users\tt179\Desktop\Graduation_thesis\truc\Demo.robot">
<test id="s1-t1" name="Test template" line="34">
<kw name="Open Browser" owner="SeleniumLibrary" type="SETUP">
<msg time="2024-03-23T16:43:19.687486" level="INFO">Opening browser 'chrome' to base url 'https://bearstore-testsite.smartbear.com/'.</msg>
<arg>${URLMain}</arg>
<arg>chrome</arg>
<doc>Opens a new browser instance to the optional ``url``.</doc>
<status status="PASS" start="2024-03-23T16:43:19.687486" elapsed="12.131528"/>
</kw>
<kw name="The result of 1 + 12 should be $C" source_name="The result of ${A}${B} should be ${C}">
<kw name="Calculate">
<kw name="${A}+${B}">
<msg time="2024-03-23T16:43:31.836899" level="FAIL">No keyword with name '${A}+${B}' found.</msg>
<var>${r}</var>
<status status="FAIL" start="2024-03-23T16:43:31.835889" elapsed="0.002169">No keyword with name '${A}+${B}' found.</status>
</kw>
<var>${result}</var>
<arg>${A}</arg>
<arg>${B}</arg>
<status status="FAIL" start="2024-03-23T16:43:31.826822" elapsed="0.011236">No keyword with name '${A}+${B}' found.</status>
</kw>
<kw name="Should Be Equal" owner="BuiltIn">
<arg>${result}</arg>
<arg>${C}</arg>
<doc>Fails if the given objects are unequal.</doc>
<status status="NOT RUN" start="2024-03-23T16:43:31.839203" elapsed="0.001009"/>
</kw>
<kw name="Log" owner="BuiltIn">
<arg>${result}</arg>
<doc>Logs the given message with the given level.</doc>
<status status="NOT RUN" start="2024-03-23T16:43:31.842215" elapsed="0.000990"/>
</kw>
<status status="FAIL" start="2024-03-23T16:43:31.821190" elapsed="0.022015">No keyword with name '${A}+${B}' found.</status>
</kw>
<kw name="The result of 3 + 25 should be $C" source_name="The result of ${A}${B} should be ${C}">
<kw name="Calculate">
<kw name="${A}+${B}">
<msg time="2024-03-23T16:43:31.861387" level="FAIL">No keyword with name '${A}+${B}' found.</msg>
<var>${r}</var>
<status status="FAIL" start="2024-03-23T16:43:31.860432" elapsed="0.000955">No keyword with name '${A}+${B}' found.</status>
</kw>
<var>${result}</var>
<arg>${A}</arg>
<arg>${B}</arg>
<status status="FAIL" start="2024-03-23T16:43:31.850478" elapsed="0.012249">No keyword with name '${A}+${B}' found.</status>
</kw>
<kw name="Should Be Equal" owner="BuiltIn">
<arg>${result}</arg>
<arg>${C}</arg>
<doc>Fails if the given objects are unequal.</doc>
<status status="NOT RUN" start="2024-03-23T16:43:31.862727" elapsed="0.001325"/>
</kw>
<kw name="Log" owner="BuiltIn">
<arg>${result}</arg>
<doc>Logs the given message with the given level.</doc>
<status status="NOT RUN" start="2024-03-23T16:43:31.864558" elapsed="0.000000"/>
</kw>
<status status="FAIL" start="2024-03-23T16:43:31.848986" elapsed="0.016595">No keyword with name '${A}+${B}' found.</status>
</kw>
<kw name="Close Browser" owner="SeleniumLibrary" type="TEARDOWN">
<doc>Closes the current browser.</doc>
<status status="PASS" start="2024-03-23T16:43:31.866846" elapsed="2.669967"/>
</kw>
<status status="FAIL" start="2024-03-23T16:43:19.686358" elapsed="14.852478">Several failures occurred:

1) No keyword with name '${A}+${B}' found.

2) No keyword with name '${A}+${B}' found.</status>
</test>
<doc>This is my test documentation
You can see. If you want write
so long data. You can write this</doc>
<status status="FAIL" start="2024-03-23T16:43:19.328397" elapsed="15.216526"/>
</suite>
<statistics>
<total>
<stat pass="0" fail="1" skip="0">All Tests</stat>
</total>
<tag>
</tag>
<suite>
<stat pass="0" fail="1" skip="0" id="s1" name="Demo">Demo</stat>
</suite>
</statistics>
<errors>
</errors>
</robot>
