<?xml version="1.0" encoding="UTF-8"?>
<robot generator="Robot 7.0 (Python 3.12.3 on win32)" generated="2024-05-09T11:16:15.580285" rpa="false" schemaversion="5">
<suite id="s1" name="Search Suite" source="c:\Users\truc.tran\Desktop\Graduation_thesis\tests\search_suite.robot">
<test id="s1-t1" name="Verify that the user's search will fail with whitespace characters when the user is not logged into the system" line="21">
<kw name="Access to ${URL_BASE}" owner="base_page" source_name="Access to ${URL}">
<kw name="Open Browser" owner="SeleniumLibrary">
<msg time="2024-05-09T11:16:16.954107" level="INFO">Opening browser 'chrome' to base url 'https://bearstore-testsite.smartbear.com'.</msg>
<arg>${URL}</arg>
<arg>${BROWSER}</arg>
<doc>Opens a new browser instance to the optional ``url``.</doc>
<status status="PASS" start="2024-05-09T11:16:16.950116" elapsed="5.583236"/>
</kw>
<kw name="Maximize Browser Window" owner="SeleniumLibrary">
<doc>Maximizes current browser window.</doc>
<status status="PASS" start="2024-05-09T11:16:22.535346" elapsed="0.088763"/>
</kw>
<status status="PASS" start="2024-05-09T11:16:16.941141" elapsed="5.683967"/>
</kw>
<kw name="Search with the ${Empty}" owner="search.pageobject" source_name="Search with the ${CONTENT}">
<kw name="Input ${CONTENT} For ${INPUT_SEARCH}" owner="base_page" source_name="Input ${TEXT} For ${LOCATOR}">
<kw name="Wait Until Element Is Visible" owner="SeleniumLibrary">
<arg>${LOCATOR}</arg>
<doc>Waits until the element ``locator`` is visible.</doc>
<status status="PASS" start="2024-05-09T11:16:22.643062" elapsed="0.162561"/>
</kw>
<kw name="Clear Element Text" owner="SeleniumLibrary">
<arg>${LOCATOR}</arg>
<doc>Clears the value of the text-input-element identified by ``locator``.</doc>
<status status="PASS" start="2024-05-09T11:16:22.810625" elapsed="0.065809"/>
</kw>
<kw name="Input Text" owner="SeleniumLibrary">
<msg time="2024-05-09T11:16:22.879426" level="INFO">Typing text '\' into text field 'css:.instasearch-term'.</msg>
<arg>${LOCATOR}</arg>
<arg>${TEXT}</arg>
<doc>Types the given ``text`` into the text field identified by ``locator``.</doc>
<status status="PASS" start="2024-05-09T11:16:22.877431" elapsed="0.132288"/>
</kw>
<status status="PASS" start="2024-05-09T11:16:22.637074" elapsed="0.373637"/>
</kw>
<kw name="Click on ${SEARCH_BTN} button" owner="base_page" source_name="Click on ${LOCATOR} button">
<kw name="Wait Until Element Is Visible" owner="SeleniumLibrary">
<arg>${LOCATOR}</arg>
<doc>Waits until the element ``locator`` is visible.</doc>
<status status="PASS" start="2024-05-09T11:16:23.016694" elapsed="0.064828"/>
</kw>
<kw name="Click Element" owner="SeleniumLibrary">
<msg time="2024-05-09T11:16:23.085512" level="INFO">Clicking element 'css:.instasearch-button'.</msg>
<arg>${LOCATOR}</arg>
<doc>Click the element identified by ``locator``.</doc>
<status status="PASS" start="2024-05-09T11:16:23.083516" elapsed="1.159097"/>
</kw>
<status status="PASS" start="2024-05-09T11:16:23.013708" elapsed="1.228905"/>
</kw>
<status status="PASS" start="2024-05-09T11:16:22.635080" elapsed="1.608528"/>
</kw>
<kw name="Verify users search ${DANGER_TITLE} at ${DANGER_TITLE_CSS}" owner="search.pageobject" source_name="Verify users search ${TEXT} at ${LOCATOR}">
<kw name="Verify a case" owner="base_page">
<kw name="Wait Until Element Is Visible" owner="SeleniumLibrary">
<arg>${LOCATOR}</arg>
<doc>Waits until the element ``locator`` is visible.</doc>
<status status="PASS" start="2024-05-09T11:16:24.249561" elapsed="0.035129"/>
</kw>
<kw name="Page Should Contain" owner="SeleniumLibrary">
<msg time="2024-05-09T11:16:24.316777" level="INFO">Current page contains text 'The minimum length for the search term is 2 characters.'.</msg>
<arg>${TEXT}</arg>
<doc>Verifies that current page contains ``text``.</doc>
<status status="PASS" start="2024-05-09T11:16:24.285683" elapsed="0.031094"/>
</kw>
<arg>${TEXT}</arg>
<arg>${LOCATOR}</arg>
<status status="PASS" start="2024-05-09T11:16:24.247566" elapsed="0.070205"/>
</kw>
<status status="PASS" start="2024-05-09T11:16:24.245572" elapsed="0.072199"/>
</kw>
<kw name="Close Browser" owner="SeleniumLibrary" type="TEARDOWN">
<doc>Closes the current browser.</doc>
<status status="PASS" start="2024-05-09T11:16:24.320763" elapsed="2.392279"/>
</kw>
<status status="PASS" start="2024-05-09T11:16:16.934159" elapsed="9.781871"/>
</test>
<status status="PASS" start="2024-05-09T11:16:15.596241" elapsed="11.139736"/>
</suite>
<statistics>
<total>
<stat pass="1" fail="0" skip="0">All Tests</stat>
</total>
<tag>
</tag>
<suite>
<stat pass="1" fail="0" skip="0" id="s1" name="Search Suite">Search Suite</stat>
</suite>
</statistics>
<errors>
</errors>
</robot>
