<?xml version="1.0" encoding="UTF-8"?>
<robot generator="Robot 7.0 (Python 3.12.2 on win32)" generated="2024-04-02T16:13:53.932937" rpa="false" schemaversion="5">
<suite id="s1" name="controlSTructure" source="C:\Users\truc.tran\Desktop\Graduation_thesis\truc\controlSTructure.robot">
<test id="s1-t1" name="For loop example" line="6">
<for flavor="IN">
<iter>
<kw name="Log" owner="BuiltIn">
<msg time="2024-04-02T16:13:54.120979" level="INFO">a</msg>
<arg>${element}</arg>
<doc>Logs the given message with the given level.</doc>
<status status="PASS" start="2024-04-02T16:13:54.120979" elapsed="0.000000"/>
</kw>
<for flavor="IN RANGE">
<iter>
<kw name="Log" owner="BuiltIn">
<msg time="2024-04-02T16:13:54.121976" level="INFO">5</msg>
<arg>${counter}</arg>
<doc>Logs the given message with the given level.</doc>
<status status="PASS" start="2024-04-02T16:13:54.121976" elapsed="0.000000"/>
</kw>
<var name="${counter}">5</var>
<status status="PASS" start="2024-04-02T16:13:54.121976" elapsed="0.000000"/>
</iter>
<var>${counter}</var>
<value>5</value>
<value>10</value>
<value>20</value>
<status status="PASS" start="2024-04-02T16:13:54.121976" elapsed="0.000000"/>
</for>
<var name="${element}">a</var>
<status status="PASS" start="2024-04-02T16:13:54.120979" elapsed="0.000997"/>
</iter>
<iter>
<kw name="Log" owner="BuiltIn">
<msg time="2024-04-02T16:13:54.121976" level="INFO">b</msg>
<arg>${element}</arg>
<doc>Logs the given message with the given level.</doc>
<status status="PASS" start="2024-04-02T16:13:54.121976" elapsed="0.000997"/>
</kw>
<for flavor="IN RANGE">
<iter>
<kw name="Log" owner="BuiltIn">
<msg time="2024-04-02T16:13:54.122973" level="INFO">5</msg>
<arg>${counter}</arg>
<doc>Logs the given message with the given level.</doc>
<status status="PASS" start="2024-04-02T16:13:54.122973" elapsed="0.000000"/>
</kw>
<var name="${counter}">5</var>
<status status="PASS" start="2024-04-02T16:13:54.122973" elapsed="0.000000"/>
</iter>
<var>${counter}</var>
<value>5</value>
<value>10</value>
<value>20</value>
<status status="PASS" start="2024-04-02T16:13:54.122973" elapsed="0.000000"/>
</for>
<var name="${element}">b</var>
<status status="PASS" start="2024-04-02T16:13:54.121976" elapsed="0.000997"/>
</iter>
<iter>
<kw name="Log" owner="BuiltIn">
<msg time="2024-04-02T16:13:54.122973" level="INFO">c</msg>
<arg>${element}</arg>
<doc>Logs the given message with the given level.</doc>
<status status="PASS" start="2024-04-02T16:13:54.122973" elapsed="0.000000"/>
</kw>
<for flavor="IN RANGE">
<iter>
<kw name="Log" owner="BuiltIn">
<msg time="2024-04-02T16:13:54.123970" level="INFO">5</msg>
<arg>${counter}</arg>
<doc>Logs the given message with the given level.</doc>
<status status="PASS" start="2024-04-02T16:13:54.123970" elapsed="0.000000"/>
</kw>
<var name="${counter}">5</var>
<status status="PASS" start="2024-04-02T16:13:54.123970" elapsed="0.000000"/>
</iter>
<var>${counter}</var>
<value>5</value>
<value>10</value>
<value>20</value>
<status status="PASS" start="2024-04-02T16:13:54.123970" elapsed="0.000000"/>
</for>
<var name="${element}">c</var>
<status status="PASS" start="2024-04-02T16:13:54.122973" elapsed="0.000997"/>
</iter>
<iter>
<kw name="Log" owner="BuiltIn">
<msg time="2024-04-02T16:13:54.123970" level="INFO">d</msg>
<arg>${element}</arg>
<doc>Logs the given message with the given level.</doc>
<status status="PASS" start="2024-04-02T16:13:54.123970" elapsed="0.000000"/>
</kw>
<for flavor="IN RANGE">
<iter>
<kw name="Log" owner="BuiltIn">
<msg time="2024-04-02T16:13:54.124968" level="INFO">5</msg>
<arg>${counter}</arg>
<doc>Logs the given message with the given level.</doc>
<status status="PASS" start="2024-04-02T16:13:54.124968" elapsed="0.000000"/>
</kw>
<var name="${counter}">5</var>
<status status="PASS" start="2024-04-02T16:13:54.124968" elapsed="0.000000"/>
</iter>
<var>${counter}</var>
<value>5</value>
<value>10</value>
<value>20</value>
<status status="PASS" start="2024-04-02T16:13:54.123970" elapsed="0.000998"/>
</for>
<var name="${element}">d</var>
<status status="PASS" start="2024-04-02T16:13:54.123970" elapsed="0.000998"/>
</iter>
<iter>
<kw name="Log" owner="BuiltIn">
<msg time="2024-04-02T16:13:54.124968" level="INFO">e</msg>
<arg>${element}</arg>
<doc>Logs the given message with the given level.</doc>
<status status="PASS" start="2024-04-02T16:13:54.124968" elapsed="0.000000"/>
</kw>
<for flavor="IN RANGE">
<iter>
<kw name="Log" owner="BuiltIn">
<msg time="2024-04-02T16:13:54.125965" level="INFO">5</msg>
<arg>${counter}</arg>
<doc>Logs the given message with the given level.</doc>
<status status="PASS" start="2024-04-02T16:13:54.125965" elapsed="0.000000"/>
</kw>
<var name="${counter}">5</var>
<status status="PASS" start="2024-04-02T16:13:54.125965" elapsed="0.000000"/>
</iter>
<var>${counter}</var>
<value>5</value>
<value>10</value>
<value>20</value>
<status status="PASS" start="2024-04-02T16:13:54.124968" elapsed="0.000997"/>
</for>
<var name="${element}">e</var>
<status status="PASS" start="2024-04-02T16:13:54.124968" elapsed="0.000997"/>
</iter>
<var>${element}</var>
<value>@{List}</value>
<status status="PASS" start="2024-04-02T16:13:54.119978" elapsed="0.005987"/>
</for>
<status status="PASS" start="2024-04-02T16:13:54.119978" elapsed="0.007034"/>
</test>
<test id="s1-t2" name="Manage index manually" line="18">
<kw name="Set Variable" owner="BuiltIn">
<msg time="2024-04-02T16:13:54.129170" level="INFO">${index} = -1</msg>
<var>${index}</var>
<arg>-1</arg>
<doc>Returns the given values which can then be assigned to a variables.</doc>
<status status="PASS" start="2024-04-02T16:13:54.129170" elapsed="0.000000"/>
</kw>
<for flavor="IN">
<iter>
<kw name="Evaluate" owner="BuiltIn">
<msg time="2024-04-02T16:13:54.130167" level="INFO">${index} = 0</msg>
<var>${index}</var>
<arg>${index} + 1</arg>
<doc>Evaluates the given expression in Python and returns the result.</doc>
<status status="PASS" start="2024-04-02T16:13:54.130167" elapsed="0.000000"/>
</kw>
<kw name="Log" owner="BuiltIn">
<msg time="2024-04-02T16:13:54.130167" level="INFO">0,a</msg>
<arg>${index},${item}</arg>
<doc>Logs the given message with the given level.</doc>
<status status="PASS" start="2024-04-02T16:13:54.130167" elapsed="0.000000"/>
</kw>
<var name="${item}">a</var>
<status status="PASS" start="2024-04-02T16:13:54.129170" elapsed="0.000997"/>
</iter>
<iter>
<kw name="Evaluate" owner="BuiltIn">
<msg time="2024-04-02T16:13:54.131164" level="INFO">${index} = 1</msg>
<var>${index}</var>
<arg>${index} + 1</arg>
<doc>Evaluates the given expression in Python and returns the result.</doc>
<status status="PASS" start="2024-04-02T16:13:54.130167" elapsed="0.000997"/>
</kw>
<kw name="Log" owner="BuiltIn">
<msg time="2024-04-02T16:13:54.131164" level="INFO">1,b</msg>
<arg>${index},${item}</arg>
<doc>Logs the given message with the given level.</doc>
<status status="PASS" start="2024-04-02T16:13:54.131164" elapsed="0.000000"/>
</kw>
<var name="${item}">b</var>
<status status="PASS" start="2024-04-02T16:13:54.130167" elapsed="0.000997"/>
</iter>
<iter>
<kw name="Evaluate" owner="BuiltIn">
<msg time="2024-04-02T16:13:54.132161" level="INFO">${index} = 2</msg>
<var>${index}</var>
<arg>${index} + 1</arg>
<doc>Evaluates the given expression in Python and returns the result.</doc>
<status status="PASS" start="2024-04-02T16:13:54.131164" elapsed="0.000997"/>
</kw>
<kw name="Log" owner="BuiltIn">
<msg time="2024-04-02T16:13:54.133159" level="INFO">2,c</msg>
<arg>${index},${item}</arg>
<doc>Logs the given message with the given level.</doc>
<status status="PASS" start="2024-04-02T16:13:54.132161" elapsed="0.000998"/>
</kw>
<var name="${item}">c</var>
<status status="PASS" start="2024-04-02T16:13:54.131164" elapsed="0.001995"/>
</iter>
<iter>
<kw name="Evaluate" owner="BuiltIn">
<msg time="2024-04-02T16:13:54.134156" level="INFO">${index} = 3</msg>
<var>${index}</var>
<arg>${index} + 1</arg>
<doc>Evaluates the given expression in Python and returns the result.</doc>
<status status="PASS" start="2024-04-02T16:13:54.133159" elapsed="0.000997"/>
</kw>
<kw name="Log" owner="BuiltIn">
<msg time="2024-04-02T16:13:54.134156" level="INFO">3,d</msg>
<arg>${index},${item}</arg>
<doc>Logs the given message with the given level.</doc>
<status status="PASS" start="2024-04-02T16:13:54.134156" elapsed="0.000000"/>
</kw>
<var name="${item}">d</var>
<status status="PASS" start="2024-04-02T16:13:54.133159" elapsed="0.000997"/>
</iter>
<iter>
<kw name="Evaluate" owner="BuiltIn">
<msg time="2024-04-02T16:13:54.134156" level="INFO">${index} = 4</msg>
<var>${index}</var>
<arg>${index} + 1</arg>
<doc>Evaluates the given expression in Python and returns the result.</doc>
<status status="PASS" start="2024-04-02T16:13:54.134156" elapsed="0.000000"/>
</kw>
<kw name="Log" owner="BuiltIn">
<msg time="2024-04-02T16:13:54.137148" level="INFO">4,e</msg>
<arg>${index},${item}</arg>
<doc>Logs the given message with the given level.</doc>
<status status="PASS" start="2024-04-02T16:13:54.135186" elapsed="0.001962"/>
</kw>
<var name="${item}">e</var>
<status status="PASS" start="2024-04-02T16:13:54.134156" elapsed="0.002992"/>
</iter>
<var>${item}</var>
<value>@{List}</value>
<status status="PASS" start="2024-04-02T16:13:54.129170" elapsed="0.007978"/>
</for>
<status status="PASS" start="2024-04-02T16:13:54.128169" elapsed="0.009580"/>
</test>
<test id="s1-t3" name="FOR-IN-ENUMERATE" line="25">
<for flavor="IN ENUMERATE">
<iter>
<kw name="Log" owner="BuiltIn">
<msg time="2024-04-02T16:13:54.139758" level="INFO">0,a</msg>
<arg>${index},${item}</arg>
<doc>Logs the given message with the given level.</doc>
<status status="PASS" start="2024-04-02T16:13:54.139758" elapsed="0.000000"/>
</kw>
<var name="${index}">0</var>
<var name="${item}">a</var>
<status status="PASS" start="2024-04-02T16:13:54.138754" elapsed="0.001004"/>
</iter>
<iter>
<kw name="Log" owner="BuiltIn">
<msg time="2024-04-02T16:13:54.139758" level="INFO">1,b</msg>
<arg>${index},${item}</arg>
<doc>Logs the given message with the given level.</doc>
<status status="PASS" start="2024-04-02T16:13:54.139758" elapsed="0.000000"/>
</kw>
<var name="${index}">1</var>
<var name="${item}">b</var>
<status status="PASS" start="2024-04-02T16:13:54.139758" elapsed="0.000000"/>
</iter>
<iter>
<kw name="Log" owner="BuiltIn">
<msg time="2024-04-02T16:13:54.140751" level="INFO">2,c</msg>
<arg>${index},${item}</arg>
<doc>Logs the given message with the given level.</doc>
<status status="PASS" start="2024-04-02T16:13:54.139758" elapsed="0.000993"/>
</kw>
<var name="${index}">2</var>
<var name="${item}">c</var>
<status status="PASS" start="2024-04-02T16:13:54.139758" elapsed="0.000993"/>
</iter>
<iter>
<kw name="Log" owner="BuiltIn">
<msg time="2024-04-02T16:13:54.140751" level="INFO">3,d</msg>
<arg>${index},${item}</arg>
<doc>Logs the given message with the given level.</doc>
<status status="PASS" start="2024-04-02T16:13:54.140751" elapsed="0.000000"/>
</kw>
<var name="${index}">3</var>
<var name="${item}">d</var>
<status status="PASS" start="2024-04-02T16:13:54.140751" elapsed="0.000000"/>
</iter>
<iter>
<kw name="Log" owner="BuiltIn">
<msg time="2024-04-02T16:13:54.140751" level="INFO">4,e</msg>
<arg>${index},${item}</arg>
<doc>Logs the given message with the given level.</doc>
<status status="PASS" start="2024-04-02T16:13:54.140751" elapsed="0.000000"/>
</kw>
<var name="${index}">4</var>
<var name="${item}">e</var>
<status status="PASS" start="2024-04-02T16:13:54.140751" elapsed="0.000998"/>
</iter>
<var>${index}</var>
<var>${item}</var>
<value>@{List}</value>
<status status="PASS" start="2024-04-02T16:13:54.138754" elapsed="0.002995"/>
</for>
<status status="PASS" start="2024-04-02T16:13:54.138754" elapsed="0.002995"/>
</test>
<status status="PASS" start="2024-04-02T16:13:53.933963" elapsed="0.210822"/>
</suite>
<statistics>
<total>
<stat pass="3" fail="0" skip="0">All Tests</stat>
</total>
<tag>
</tag>
<suite>
<stat pass="3" fail="0" skip="0" id="s1" name="controlSTructure">controlSTructure</stat>
</suite>
</statistics>
<errors>
</errors>
</robot>
