<?xml version="1.0" encoding="UTF-8"?>
<robot generator="Robot 7.0 (Python 3.12.2 on win32)" generated="2024-03-22T11:59:58.918089" rpa="false" schemaversion="5">
<suite id="s1" name="Demo" source="C:\Users\tt179\Desktop\Graduation_thesis\truc\Demo.robot">
<test id="s1-t1" name="Search the ball" line="10">
<kw name="Open Browser" owner="SeleniumLibrary" type="SETUP">
<msg time="2024-03-22T11:59:59.070369" level="INFO">Opening browser 'chrome' to base url 'https://bearstore-testsite.smartbear.com/'.</msg>
<arg>${URLMain}</arg>
<arg>chrome</arg>
<doc>Opens a new browser instance to the optional ``url``.</doc>
<status status="PASS" start="2024-03-22T11:59:59.070369" elapsed="7.471046"/>
</kw>
<kw name="Input Text" owner="SeleniumLibrary">
<msg time="2024-03-22T12:00:06.545429" level="INFO">Typing text 'ball' into text field 'css:.instasearch-term'.</msg>
<arg>${INPUTTag}</arg>
<arg>ball</arg>
<doc>Types the given ``text`` into the text field identified by ``locator``.</doc>
<status status="PASS" start="2024-03-22T12:00:06.545429" elapsed="0.125330"/>
</kw>
<kw name="Click Element" owner="SeleniumLibrary">
<msg time="2024-03-22T12:00:06.672144" level="INFO">Clicking element 'class=instasearch-button'.</msg>
<arg>class=instasearch-button</arg>
<doc>Click the element identified by ``locator``.</doc>
<status status="PASS" start="2024-03-22T12:00:06.671771" elapsed="1.160394"/>
</kw>
<kw name="Page Should Contain" owner="SeleniumLibrary">
<msg time="2024-03-22T12:00:07.855870" level="INFO">Current page contains text 'Search result for ball'.</msg>
<arg>Search result for ball</arg>
<doc>Verifies that current page contains ``text``.</doc>
<status status="PASS" start="2024-03-22T12:00:07.832165" elapsed="0.024904"/>
</kw>
<kw name="Close Browser" owner="SeleniumLibrary">
<doc>Closes the current browser.</doc>
<status status="PASS" start="2024-03-22T12:00:07.857069" elapsed="2.398407"/>
</kw>
<status status="PASS" start="2024-03-22T11:59:59.070369" elapsed="11.185107"/>
</test>
<test id="s1-t2" name="Log in not success" line="15">
<kw name="Open Browser" owner="SeleniumLibrary" type="SETUP">
<msg time="2024-03-22T12:00:10.271108" level="INFO">Opening browser 'chrome' to base url 'https://bearstore-testsite.smartbear.com/'.</msg>
<arg>${URLMain}</arg>
<arg>chrome</arg>
<doc>Opens a new browser instance to the optional ``url``.</doc>
<status status="PASS" start="2024-03-22T12:00:10.255476" elapsed="11.315587"/>
</kw>
<kw name="Click Element" owner="SeleniumLibrary">
<msg time="2024-03-22T12:00:21.571063" level="INFO">Clicking element 'class=fa-user-circle'.</msg>
<arg>class=fa-user-circle</arg>
<doc>Click the element identified by ``locator``.</doc>
<status status="PASS" start="2024-03-22T12:00:21.571063" elapsed="0.807092"/>
</kw>
<kw name="Input Text" owner="SeleniumLibrary">
<msg time="2024-03-22T12:00:22.379155" level="INFO">Typing text '@trantruc2001' into text field 'id=UsernameOrEmail'.</msg>
<arg>id=UsernameOrEmail</arg>
<arg>@trantruc2001</arg>
<doc>Types the given ``text`` into the text field identified by ``locator``.</doc>
<status status="PASS" start="2024-03-22T12:00:22.379155" elapsed="0.171050"/>
</kw>
<kw name="Input Password" owner="SeleniumLibrary">
<msg time="2024-03-22T12:00:22.550205" level="INFO">Typing password into text field 'id=Password'.</msg>
<msg time="2024-03-22T12:00:22.575097" level="INFO">Temporally setting log level to: NONE</msg>
<arg>id=Password</arg>
<arg>TranPhuongNgocTruc200420011</arg>
<doc>Types the given password into the text field identified by ``locator``.</doc>
<status status="PASS" start="2024-03-22T12:00:22.550205" elapsed="0.104158"/>
</kw>
<kw name="Click Element" owner="SeleniumLibrary">
<msg time="2024-03-22T12:00:22.654363" level="INFO">Clicking element 'class=btn-login'.</msg>
<arg>class=btn-login</arg>
<doc>Click the element identified by ``locator``.</doc>
<status status="PASS" start="2024-03-22T12:00:22.654363" elapsed="0.713240"/>
</kw>
<kw name="Page Should Contain" owner="SeleniumLibrary">
<msg time="2024-03-22T12:00:23.379956" level="INFO">Current page contains text 'Login was unsuccessful. Please correct the errors and try again.'.</msg>
<arg>Login was unsuccessful. Please correct the errors and try again.</arg>
<doc>Verifies that current page contains ``text``.</doc>
<status status="PASS" start="2024-03-22T12:00:23.368659" elapsed="0.011297"/>
</kw>
<kw name="Close Browser" owner="SeleniumLibrary">
<doc>Closes the current browser.</doc>
<status status="PASS" start="2024-03-22T12:00:23.379956" elapsed="2.354169"/>
</kw>
<status status="PASS" start="2024-03-22T12:00:10.255476" elapsed="15.479993"/>
</test>
<test id="s1-t3" name="Log in success" line="22">
<kw name="Open Browser" owner="SeleniumLibrary" type="SETUP">
<msg time="2024-03-22T12:00:25.735469" level="INFO">Opening browser 'chrome' to base url 'https://bearstore-testsite.smartbear.com/'.</msg>
<arg>${URLMain}</arg>
<arg>chrome</arg>
<doc>Opens a new browser instance to the optional ``url``.</doc>
<status status="PASS" start="2024-03-22T12:00:25.735469" elapsed="7.666055"/>
</kw>
<kw name="Click Element" owner="SeleniumLibrary">
<msg time="2024-03-22T12:00:33.402531" level="INFO">Clicking element 'class=fa-user-circle'.</msg>
<arg>class=fa-user-circle</arg>
<doc>Click the element identified by ``locator``.</doc>
<status status="PASS" start="2024-03-22T12:00:33.402531" elapsed="0.767259"/>
</kw>
<kw name="Input Text" owner="SeleniumLibrary">
<msg time="2024-03-22T12:00:34.171231" level="INFO">Typing text '@trantruc2001' into text field 'id=UsernameOrEmail'.</msg>
<arg>id=UsernameOrEmail</arg>
<arg>@trantruc2001</arg>
<doc>Types the given ``text`` into the text field identified by ``locator``.</doc>
<status status="PASS" start="2024-03-22T12:00:34.169790" elapsed="0.135394"/>
</kw>
<kw name="Input Password" owner="SeleniumLibrary">
<msg time="2024-03-22T12:00:34.305184" level="INFO">Typing password into text field 'id=Password'.</msg>
<msg time="2024-03-22T12:00:34.335337" level="INFO">Temporally setting log level to: NONE</msg>
<arg>id=Password</arg>
<arg>TranPhuongNgocTruc20042001</arg>
<doc>Types the given password into the text field identified by ``locator``.</doc>
<status status="PASS" start="2024-03-22T12:00:34.305184" elapsed="0.087658"/>
</kw>
<kw name="Click Element" owner="SeleniumLibrary">
<msg time="2024-03-22T12:00:34.393831" level="INFO">Clicking element 'class=btn-login'.</msg>
<arg>class=btn-login</arg>
<doc>Click the element identified by ``locator``.</doc>
<status status="PASS" start="2024-03-22T12:00:34.393831" elapsed="1.076111"/>
</kw>
<kw name="Page Should Contain" owner="SeleniumLibrary">
<msg time="2024-03-22T12:00:35.487779" level="INFO">Current page contains text 'Welcome to our store.'.</msg>
<arg>Welcome to our store.</arg>
<doc>Verifies that current page contains ``text``.</doc>
<status status="PASS" start="2024-03-22T12:00:35.470942" elapsed="0.016837"/>
</kw>
<kw name="Close Browser" owner="SeleniumLibrary">
<doc>Closes the current browser.</doc>
<status status="PASS" start="2024-03-22T12:00:35.488481" elapsed="2.345785"/>
</kw>
<status status="PASS" start="2024-03-22T12:00:25.735469" elapsed="12.098797"/>
</test>
<status status="PASS" start="2024-03-22T11:59:58.918089" elapsed="38.916177"/>
</suite>
<statistics>
<total>
<stat pass="3" fail="0" skip="0">All Tests</stat>
</total>
<tag>
</tag>
<suite>
<stat pass="3" fail="0" skip="0" id="s1" name="Demo">Demo</stat>
</suite>
</statistics>
<errors>
</errors>
</robot>
