<?xml version="1.0" encoding="UTF-8"?>
<robot generator="Robot 7.0 (Python 3.12.3 on win32)" generated="2024-05-13T11:37:59.628722" rpa="false" schemaversion="5">
<suite id="s1" name="Tests" source="C:\Users\truc.tran\Desktop\Graduation_thesis\tests">
<suite id="s1-s1" name="Search Suite" source="C:\Users\truc.tran\Desktop\Graduation_thesis\tests\search_suite.robot">
<test id="s1-s1-t1" name="Verify that user can search the content with lowercase characters when user is not logged into the system" line="8">
<kw name="Access to ${URL_BASE}" owner="base_page" source_name="Access to ${URL}">
<kw name="Open Browser" owner="SeleniumLibrary">
<msg time="2024-05-13T11:37:59.930915" level="INFO">Opening browser 'chrome' to base url 'https://bearstore-testsite.smartbear.com'.</msg>
<arg>${URL}</arg>
<arg>${BROWSER}</arg>
<doc>Opens a new browser instance to the optional ``url``.</doc>
<status status="PASS" start="2024-05-13T11:37:59.930915" elapsed="5.003422"/>
</kw>
<kw name="Maximize Browser Window" owner="SeleniumLibrary">
<doc>Maximizes current browser window.</doc>
<status status="PASS" start="2024-05-13T11:38:04.934337" elapsed="0.079787"/>
</kw>
<status status="PASS" start="2024-05-13T11:37:59.929946" elapsed="5.084178"/>
</kw>
<kw name="Search with the ball" owner="search.pageobject" source_name="Search with the ${CONTENT}">
<kw name="Input ${CONTENT} For ${INPUT_SEARCH}" owner="base_page" source_name="Input ${TEXT} For ${LOCATOR}">
<kw name="Wait Until Element Is Visible" owner="SeleniumLibrary">
<arg>${LOCATOR}</arg>
<doc>Waits until the element ``locator`` is visible.</doc>
<status status="PASS" start="2024-05-13T11:38:05.022103" elapsed="0.102166"/>
</kw>
<kw name="Clear Element Text" owner="SeleniumLibrary">
<arg>${LOCATOR}</arg>
<doc>Clears the value of the text-input-element identified by ``locator``.</doc>
<status status="PASS" start="2024-05-13T11:38:05.125267" elapsed="0.083777"/>
</kw>
<kw name="Input Text" owner="SeleniumLibrary">
<msg time="2024-05-13T11:38:05.210043" level="INFO">Typing text 'ball' into text field 'css:.instasearch-term'.</msg>
<arg>${LOCATOR}</arg>
<arg>${TEXT}</arg>
<doc>Types the given ``text`` into the text field identified by ``locator``.</doc>
<status status="PASS" start="2024-05-13T11:38:05.210043" elapsed="0.081247"/>
</kw>
<status status="PASS" start="2024-05-13T11:38:05.019117" elapsed="0.273171"/>
</kw>
<kw name="Click on ${SEARCH_BTN} button" owner="base_page" source_name="Click on ${LOCATOR} button">
<kw name="Click on the web element" owner="base_page">
<kw name="Wait Until Element Is Visible" owner="SeleniumLibrary">
<arg>${locator}</arg>
<doc>Waits until the element ``locator`` is visible.</doc>
<status status="PASS" start="2024-05-13T11:38:05.292288" elapsed="0.046875"/>
</kw>
<kw name="Wait Until Element Is Enabled" owner="SeleniumLibrary">
<arg>${locator}</arg>
<doc>Waits until the element ``locator`` is enabled.</doc>
<status status="PASS" start="2024-05-13T11:38:05.339163" elapsed="0.035904"/>
</kw>
<kw name="Click Element" owner="SeleniumLibrary">
<msg time="2024-05-13T11:38:05.376063" level="INFO">Clicking element 'css:.instasearch-button'.</msg>
<arg>${locator}</arg>
<doc>Click the element identified by ``locator``.</doc>
<status status="PASS" start="2024-05-13T11:38:05.375067" elapsed="1.202229"/>
</kw>
<arg>${LOCATOR}</arg>
<status status="PASS" start="2024-05-13T11:38:05.292288" elapsed="1.285008"/>
</kw>
<status status="PASS" start="2024-05-13T11:38:05.292288" elapsed="1.286011"/>
</kw>
<status status="PASS" start="2024-05-13T11:38:05.017121" elapsed="1.561178"/>
</kw>
<kw name="Verify that user search success" owner="search.pageobject">
<kw name="Verify a case" owner="base_page">
<kw name="Wait Until Element Is Visible" owner="SeleniumLibrary">
<arg>${LOCATOR}</arg>
<doc>Waits until the element ``locator`` is visible.</doc>
<status status="PASS" start="2024-05-13T11:38:06.579291" elapsed="0.020945"/>
</kw>
<kw name="Page Should Contain" owner="SeleniumLibrary">
<msg time="2024-05-13T11:38:06.618186" level="INFO">Current page contains text 'Search result for'.</msg>
<arg>${TEXT}</arg>
<doc>Verifies that current page contains ``text``.</doc>
<status status="PASS" start="2024-05-13T11:38:06.601233" elapsed="0.016953"/>
</kw>
<arg>${SUCCESS_TITLE}</arg>
<arg>${SUCCESS_TITLE_CSS}</arg>
<status status="PASS" start="2024-05-13T11:38:06.579291" elapsed="0.038895"/>
</kw>
<status status="PASS" start="2024-05-13T11:38:06.578299" elapsed="0.039887"/>
</kw>
<kw name="Close Browser" owner="SeleniumLibrary" type="TEARDOWN">
<doc>Closes the current browser.</doc>
<status status="PASS" start="2024-05-13T11:38:06.619183" elapsed="2.342136"/>
</kw>
<tag>High</tag>
<tag>Search</tag>
<tag>Smoke</tag>
<status status="PASS" start="2024-05-13T11:37:59.928921" elapsed="9.033708"/>
</test>
<test id="s1-s1-t2" name="Verify that user can search the content with uppercase characters when user is not logged into the system" line="13">
<kw name="Access to ${URL_BASE}" owner="base_page" source_name="Access to ${URL}">
<kw name="Open Browser" owner="SeleniumLibrary">
<msg time="2024-05-13T11:38:08.970823" level="INFO">Opening browser 'chrome' to base url 'https://bearstore-testsite.smartbear.com'.</msg>
<arg>${URL}</arg>
<arg>${BROWSER}</arg>
<doc>Opens a new browser instance to the optional ``url``.</doc>
<status status="PASS" start="2024-05-13T11:38:08.969827" elapsed="5.762044"/>
</kw>
<kw name="Maximize Browser Window" owner="SeleniumLibrary">
<doc>Maximizes current browser window.</doc>
<status status="PASS" start="2024-05-13T11:38:14.731871" elapsed="0.090751"/>
</kw>
<status status="PASS" start="2024-05-13T11:38:08.968828" elapsed="5.853794"/>
</kw>
<kw name="Search with the BALL" owner="search.pageobject" source_name="Search with the ${CONTENT}">
<kw name="Input ${CONTENT} For ${INPUT_SEARCH}" owner="base_page" source_name="Input ${TEXT} For ${LOCATOR}">
<kw name="Wait Until Element Is Visible" owner="SeleniumLibrary">
<arg>${LOCATOR}</arg>
<doc>Waits until the element ``locator`` is visible.</doc>
<status status="PASS" start="2024-05-13T11:38:14.825250" elapsed="0.140981"/>
</kw>
<kw name="Clear Element Text" owner="SeleniumLibrary">
<arg>${LOCATOR}</arg>
<doc>Clears the value of the text-input-element identified by ``locator``.</doc>
<status status="PASS" start="2024-05-13T11:38:14.966231" elapsed="0.048868"/>
</kw>
<kw name="Input Text" owner="SeleniumLibrary">
<msg time="2024-05-13T11:38:15.016097" level="INFO">Typing text 'BALL' into text field 'css:.instasearch-term'.</msg>
<arg>${LOCATOR}</arg>
<arg>${TEXT}</arg>
<doc>Types the given ``text`` into the text field identified by ``locator``.</doc>
<status status="PASS" start="2024-05-13T11:38:15.015099" elapsed="0.089857"/>
</kw>
<status status="PASS" start="2024-05-13T11:38:14.825250" elapsed="0.279706"/>
</kw>
<kw name="Click on ${SEARCH_BTN} button" owner="base_page" source_name="Click on ${LOCATOR} button">
<kw name="Click on the web element" owner="base_page">
<kw name="Wait Until Element Is Visible" owner="SeleniumLibrary">
<arg>${locator}</arg>
<doc>Waits until the element ``locator`` is visible.</doc>
<status status="PASS" start="2024-05-13T11:38:15.105949" elapsed="0.048394"/>
</kw>
<kw name="Wait Until Element Is Enabled" owner="SeleniumLibrary">
<arg>${locator}</arg>
<doc>Waits until the element ``locator`` is enabled.</doc>
<status status="PASS" start="2024-05-13T11:38:15.157349" elapsed="0.034889"/>
</kw>
<kw name="Click Element" owner="SeleniumLibrary">
<msg time="2024-05-13T11:38:15.193234" level="INFO">Clicking element 'css:.instasearch-button'.</msg>
<arg>${locator}</arg>
<doc>Click the element identified by ``locator``.</doc>
<status status="PASS" start="2024-05-13T11:38:15.193234" elapsed="0.592678"/>
</kw>
<arg>${LOCATOR}</arg>
<status status="PASS" start="2024-05-13T11:38:15.104956" elapsed="0.680956"/>
</kw>
<status status="PASS" start="2024-05-13T11:38:15.104956" elapsed="0.680956"/>
</kw>
<status status="PASS" start="2024-05-13T11:38:14.824610" elapsed="0.961302"/>
</kw>
<kw name="Verify that user search success" owner="search.pageobject">
<kw name="Verify a case" owner="base_page">
<kw name="Wait Until Element Is Visible" owner="SeleniumLibrary">
<arg>${LOCATOR}</arg>
<doc>Waits until the element ``locator`` is visible.</doc>
<status status="PASS" start="2024-05-13T11:38:15.801868" elapsed="0.483002"/>
</kw>
<kw name="Page Should Contain" owner="SeleniumLibrary">
<msg time="2024-05-13T11:38:16.298833" level="INFO">Current page contains text 'Search result for'.</msg>
<arg>${TEXT}</arg>
<doc>Verifies that current page contains ``text``.</doc>
<status status="PASS" start="2024-05-13T11:38:16.284870" elapsed="0.013963"/>
</kw>
<arg>${SUCCESS_TITLE}</arg>
<arg>${SUCCESS_TITLE_CSS}</arg>
<status status="PASS" start="2024-05-13T11:38:15.801868" elapsed="0.496965"/>
</kw>
<status status="PASS" start="2024-05-13T11:38:15.800874" elapsed="0.497959"/>
</kw>
<kw name="Close Browser" owner="SeleniumLibrary" type="TEARDOWN">
<doc>Closes the current browser.</doc>
<status status="PASS" start="2024-05-13T11:38:16.299830" elapsed="2.285678"/>
</kw>
<tag>High</tag>
<tag>Search</tag>
<tag>Smoke</tag>
<status status="PASS" start="2024-05-13T11:38:08.966834" elapsed="9.619680"/>
</test>
<test id="s1-s1-t3" name="Verify that the user's search will fail with special characters when the user is not logged into the system" line="18">
<kw name="Access to ${URL_BASE}" owner="base_page" source_name="Access to ${URL}">
<kw name="Open Browser" owner="SeleniumLibrary">
<msg time="2024-05-13T11:38:18.594707" level="INFO">Opening browser 'chrome' to base url 'https://bearstore-testsite.smartbear.com'.</msg>
<arg>${URL}</arg>
<arg>${BROWSER}</arg>
<doc>Opens a new browser instance to the optional ``url``.</doc>
<status status="PASS" start="2024-05-13T11:38:18.593710" elapsed="2.588301"/>
</kw>
<kw name="Maximize Browser Window" owner="SeleniumLibrary">
<doc>Maximizes current browser window.</doc>
<status status="PASS" start="2024-05-13T11:38:21.183010" elapsed="3.296156"/>
</kw>
<status status="PASS" start="2024-05-13T11:38:18.592702" elapsed="5.886464"/>
</kw>
<kw name="Search with the #@!" owner="search.pageobject" source_name="Search with the ${CONTENT}">
<kw name="Input ${CONTENT} For ${INPUT_SEARCH}" owner="base_page" source_name="Input ${TEXT} For ${LOCATOR}">
<kw name="Wait Until Element Is Visible" owner="SeleniumLibrary">
<arg>${LOCATOR}</arg>
<doc>Waits until the element ``locator`` is visible.</doc>
<status status="PASS" start="2024-05-13T11:38:24.482085" elapsed="0.051861"/>
</kw>
<kw name="Clear Element Text" owner="SeleniumLibrary">
<arg>${LOCATOR}</arg>
<doc>Clears the value of the text-input-element identified by ``locator``.</doc>
<status status="PASS" start="2024-05-13T11:38:24.533946" elapsed="0.051097"/>
</kw>
<kw name="Input Text" owner="SeleniumLibrary">
<msg time="2024-05-13T11:38:24.585043" level="INFO">Typing text '#@!' into text field 'css:.instasearch-term'.</msg>
<arg>${LOCATOR}</arg>
<arg>${TEXT}</arg>
<doc>Types the given ``text`` into the text field identified by ``locator``.</doc>
<status status="PASS" start="2024-05-13T11:38:24.585043" elapsed="0.103736"/>
</kw>
<status status="PASS" start="2024-05-13T11:38:24.481087" elapsed="0.207692"/>
</kw>
<kw name="Click on ${SEARCH_BTN} button" owner="base_page" source_name="Click on ${LOCATOR} button">
<kw name="Click on the web element" owner="base_page">
<kw name="Wait Until Element Is Visible" owner="SeleniumLibrary">
<arg>${locator}</arg>
<doc>Waits until the element ``locator`` is visible.</doc>
<status status="PASS" start="2024-05-13T11:38:24.689777" elapsed="0.047871"/>
</kw>
<kw name="Wait Until Element Is Enabled" owner="SeleniumLibrary">
<arg>${locator}</arg>
<doc>Waits until the element ``locator`` is enabled.</doc>
<status status="PASS" start="2024-05-13T11:38:24.737648" elapsed="0.051861"/>
</kw>
<kw name="Click Element" owner="SeleniumLibrary">
<msg time="2024-05-13T11:38:24.789509" level="INFO">Clicking element 'css:.instasearch-button'.</msg>
<arg>${locator}</arg>
<doc>Click the element identified by ``locator``.</doc>
<status status="PASS" start="2024-05-13T11:38:24.789509" elapsed="0.506148"/>
</kw>
<arg>${LOCATOR}</arg>
<status status="PASS" start="2024-05-13T11:38:24.689777" elapsed="0.605880"/>
</kw>
<status status="PASS" start="2024-05-13T11:38:24.688779" elapsed="0.606878"/>
</kw>
<status status="PASS" start="2024-05-13T11:38:24.480090" elapsed="0.815567"/>
</kw>
<kw name="Verify that user search fail when it did not match any products" owner="search.pageobject">
<kw name="Verify a case" owner="base_page">
<kw name="Wait Until Element Is Visible" owner="SeleniumLibrary">
<arg>${LOCATOR}</arg>
<doc>Waits until the element ``locator`` is visible.</doc>
<status status="PASS" start="2024-05-13T11:38:25.322583" elapsed="0.382603"/>
</kw>
<kw name="Page Should Contain" owner="SeleniumLibrary">
<msg time="2024-05-13T11:38:25.719147" level="INFO">Current page contains text 'Your search did not match any products.'.</msg>
<arg>${TEXT}</arg>
<doc>Verifies that current page contains ``text``.</doc>
<status status="PASS" start="2024-05-13T11:38:25.705186" elapsed="0.013961"/>
</kw>
<arg>${ALERT_TITLE}</arg>
<arg>${ALERT_TITLE_CSS}</arg>
<status status="PASS" start="2024-05-13T11:38:25.321586" elapsed="0.397561"/>
</kw>
<status status="PASS" start="2024-05-13T11:38:25.321586" elapsed="0.397561"/>
</kw>
<kw name="Close Browser" owner="SeleniumLibrary" type="TEARDOWN">
<doc>Closes the current browser.</doc>
<status status="PASS" start="2024-05-13T11:38:25.720145" elapsed="2.306906"/>
</kw>
<tag>High</tag>
<tag>Search</tag>
<tag>Smoke</tag>
<status status="PASS" start="2024-05-13T11:38:18.590541" elapsed="9.437712"/>
</test>
<test id="s1-s1-t4" name="Verify that the user's search will fail with whitespace characters when the user is not logged into the system" line="23">
<kw name="Access to ${URL_BASE}" owner="base_page" source_name="Access to ${URL}">
<kw name="Open Browser" owner="SeleniumLibrary">
<msg time="2024-05-13T11:38:28.036301" level="INFO">Opening browser 'chrome' to base url 'https://bearstore-testsite.smartbear.com'.</msg>
<arg>${URL}</arg>
<arg>${BROWSER}</arg>
<doc>Opens a new browser instance to the optional ``url``.</doc>
<status status="PASS" start="2024-05-13T11:38:28.035306" elapsed="5.533870"/>
</kw>
<kw name="Maximize Browser Window" owner="SeleniumLibrary">
<doc>Maximizes current browser window.</doc>
<status status="PASS" start="2024-05-13T11:38:33.570041" elapsed="0.089758"/>
</kw>
<status status="PASS" start="2024-05-13T11:38:28.034297" elapsed="5.625502"/>
</kw>
<kw name="Search with the ${Empty}" owner="search.pageobject" source_name="Search with the ${CONTENT}">
<kw name="Input ${CONTENT} For ${INPUT_SEARCH}" owner="base_page" source_name="Input ${TEXT} For ${LOCATOR}">
<kw name="Wait Until Element Is Visible" owner="SeleniumLibrary">
<arg>${LOCATOR}</arg>
<doc>Waits until the element ``locator`` is visible.</doc>
<status status="PASS" start="2024-05-13T11:38:33.677753" elapsed="0.155567"/>
</kw>
<kw name="Clear Element Text" owner="SeleniumLibrary">
<arg>${LOCATOR}</arg>
<doc>Clears the value of the text-input-element identified by ``locator``.</doc>
<status status="PASS" start="2024-05-13T11:38:33.833320" elapsed="0.060837"/>
</kw>
<kw name="Input Text" owner="SeleniumLibrary">
<msg time="2024-05-13T11:38:33.894157" level="INFO">Typing text '\' into text field 'css:.instasearch-term'.</msg>
<arg>${LOCATOR}</arg>
<arg>${TEXT}</arg>
<doc>Types the given ``text`` into the text field identified by ``locator``.</doc>
<status status="PASS" start="2024-05-13T11:38:33.894157" elapsed="0.111579"/>
</kw>
<status status="PASS" start="2024-05-13T11:38:33.675742" elapsed="0.329994"/>
</kw>
<kw name="Click on ${SEARCH_BTN} button" owner="base_page" source_name="Click on ${LOCATOR} button">
<kw name="Click on the web element" owner="base_page">
<kw name="Wait Until Element Is Visible" owner="SeleniumLibrary">
<arg>${locator}</arg>
<doc>Waits until the element ``locator`` is visible.</doc>
<status status="PASS" start="2024-05-13T11:38:34.006733" elapsed="0.052861"/>
</kw>
<kw name="Wait Until Element Is Enabled" owner="SeleniumLibrary">
<arg>${locator}</arg>
<doc>Waits until the element ``locator`` is enabled.</doc>
<status status="PASS" start="2024-05-13T11:38:34.060590" elapsed="0.058841"/>
</kw>
<kw name="Click Element" owner="SeleniumLibrary">
<msg time="2024-05-13T11:38:34.120429" level="INFO">Clicking element 'css:.instasearch-button'.</msg>
<arg>${locator}</arg>
<doc>Click the element identified by ``locator``.</doc>
<status status="PASS" start="2024-05-13T11:38:34.120429" elapsed="1.097434"/>
</kw>
<arg>${LOCATOR}</arg>
<status status="PASS" start="2024-05-13T11:38:34.006733" elapsed="1.211130"/>
</kw>
<status status="PASS" start="2024-05-13T11:38:34.005736" elapsed="1.212127"/>
</kw>
<status status="PASS" start="2024-05-13T11:38:33.673754" elapsed="1.544109"/>
</kw>
<kw name="Verify users search fail when data is whitespace" owner="search.pageobject">
<kw name="Verify a case" owner="base_page">
<kw name="Wait Until Element Is Visible" owner="SeleniumLibrary">
<arg>${LOCATOR}</arg>
<doc>Waits until the element ``locator`` is visible.</doc>
<status status="PASS" start="2024-05-13T11:38:35.218861" elapsed="0.030703"/>
</kw>
<kw name="Page Should Contain" owner="SeleniumLibrary">
<msg time="2024-05-13T11:38:35.271475" level="INFO">Current page contains text 'The minimum length for the search term is 2 characters.'.</msg>
<arg>${TEXT}</arg>
<doc>Verifies that current page contains ``text``.</doc>
<status status="PASS" start="2024-05-13T11:38:35.249564" elapsed="0.021911"/>
</kw>
<arg>${DANGER_TITLE}</arg>
<arg>${DANGER_TITLE_CSS}</arg>
<status status="PASS" start="2024-05-13T11:38:35.218861" elapsed="0.052614"/>
</kw>
<status status="PASS" start="2024-05-13T11:38:35.218861" elapsed="0.052614"/>
</kw>
<kw name="Close Browser" owner="SeleniumLibrary" type="TEARDOWN">
<doc>Closes the current browser.</doc>
<status status="PASS" start="2024-05-13T11:38:35.272257" elapsed="2.301091"/>
</kw>
<tag>High</tag>
<tag>Search</tag>
<status status="PASS" start="2024-05-13T11:38:28.032387" elapsed="9.542966"/>
</test>
<test id="s1-s1-t5" name="Verify that user can search the content with lowercase characters when user is logged into the system" line="29">
<kw name="Access to ${URL_LOGIN}" owner="base_page" source_name="Access to ${URL}">
<kw name="Open Browser" owner="SeleniumLibrary">
<msg time="2024-05-13T11:38:37.582730" level="INFO">Opening browser 'chrome' to base url 'https://bearstore-testsite.smartbear.com/login'.</msg>
<arg>${URL}</arg>
<arg>${BROWSER}</arg>
<doc>Opens a new browser instance to the optional ``url``.</doc>
<status status="PASS" start="2024-05-13T11:38:37.581733" elapsed="4.714618"/>
</kw>
<kw name="Maximize Browser Window" owner="SeleniumLibrary">
<doc>Maximizes current browser window.</doc>
<status status="PASS" start="2024-05-13T11:38:42.297352" elapsed="0.067822"/>
</kw>
<status status="PASS" start="2024-05-13T11:38:37.580701" elapsed="4.784473"/>
</kw>
<kw name="Input username" owner="login_page">
<kw name="Input ${TEXT} For ${USERNAME_CSS}" owner="base_page" source_name="Input ${TEXT} For ${LOCATOR}">
<kw name="Wait Until Element Is Visible" owner="SeleniumLibrary">
<arg>${LOCATOR}</arg>
<doc>Waits until the element ``locator`` is visible.</doc>
<status status="PASS" start="2024-05-13T11:38:42.372159" elapsed="0.100724"/>
</kw>
<kw name="Clear Element Text" owner="SeleniumLibrary">
<arg>${LOCATOR}</arg>
<doc>Clears the value of the text-input-element identified by ``locator``.</doc>
<status status="PASS" start="2024-05-13T11:38:42.473886" elapsed="0.110699"/>
</kw>
<kw name="Input Text" owner="SeleniumLibrary">
<msg time="2024-05-13T11:38:42.585582" level="INFO">Typing text '@trantruc2001' into text field 'css:#UsernameOrEmail'.</msg>
<arg>${LOCATOR}</arg>
<arg>${TEXT}</arg>
<doc>Types the given ``text`` into the text field identified by ``locator``.</doc>
<status status="PASS" start="2024-05-13T11:38:42.585582" elapsed="0.160285"/>
</kw>
<status status="PASS" start="2024-05-13T11:38:42.370172" elapsed="0.375695"/>
</kw>
<arg>${USER_NAME_RIGHT}</arg>
<status status="PASS" start="2024-05-13T11:38:42.368167" elapsed="0.377700"/>
</kw>
<kw name="Input pass" owner="login_page">
<kw name="Input ${TEXT} For ${PASSWORD_CSS}" owner="base_page" source_name="Input ${TEXT} For ${LOCATOR}">
<kw name="Wait Until Element Is Visible" owner="SeleniumLibrary">
<arg>${LOCATOR}</arg>
<doc>Waits until the element ``locator`` is visible.</doc>
<status status="PASS" start="2024-05-13T11:38:42.746859" elapsed="0.030917"/>
</kw>
<kw name="Clear Element Text" owner="SeleniumLibrary">
<arg>${LOCATOR}</arg>
<doc>Clears the value of the text-input-element identified by ``locator``.</doc>
<status status="PASS" start="2024-05-13T11:38:42.777776" elapsed="0.043883"/>
</kw>
<kw name="Input Text" owner="SeleniumLibrary">
<msg time="2024-05-13T11:38:42.821659" level="INFO">Typing text 'TranPhuongNgocTruc20042001' into text field 'css:#Password'.</msg>
<arg>${LOCATOR}</arg>
<arg>${TEXT}</arg>
<doc>Types the given ``text`` into the text field identified by ``locator``.</doc>
<status status="PASS" start="2024-05-13T11:38:42.821659" elapsed="0.107582"/>
</kw>
<status status="PASS" start="2024-05-13T11:38:42.746859" elapsed="0.182382"/>
</kw>
<arg>${PASS_RIGHT}</arg>
<status status="PASS" start="2024-05-13T11:38:42.745867" elapsed="0.183374"/>
</kw>
<kw name="Click log in button" owner="login_page">
<kw name="Click on ${LOGIN_BTN_CSS} button" owner="base_page" source_name="Click on ${LOCATOR} button">
<kw name="Click on the web element" owner="base_page">
<kw name="Wait Until Element Is Visible" owner="SeleniumLibrary">
<arg>${locator}</arg>
<doc>Waits until the element ``locator`` is visible.</doc>
<status status="PASS" start="2024-05-13T11:38:42.931236" elapsed="0.023935"/>
</kw>
<kw name="Wait Until Element Is Enabled" owner="SeleniumLibrary">
<arg>${locator}</arg>
<doc>Waits until the element ``locator`` is enabled.</doc>
<status status="PASS" start="2024-05-13T11:38:42.955171" elapsed="0.024934"/>
</kw>
<kw name="Click Element" owner="SeleniumLibrary">
<msg time="2024-05-13T11:38:42.981126" level="INFO">Clicking element 'css:.btn-login'.</msg>
<arg>${locator}</arg>
<doc>Click the element identified by ``locator``.</doc>
<status status="PASS" start="2024-05-13T11:38:42.981126" elapsed="1.575516"/>
</kw>
<arg>${LOCATOR}</arg>
<status status="PASS" start="2024-05-13T11:38:42.931236" elapsed="1.626413"/>
</kw>
<status status="PASS" start="2024-05-13T11:38:42.930243" elapsed="1.627406"/>
</kw>
<status status="PASS" start="2024-05-13T11:38:42.930243" elapsed="1.627406"/>
</kw>
<kw name="Search with the ball" owner="search.pageobject" source_name="Search with the ${CONTENT}">
<kw name="Input ${CONTENT} For ${INPUT_SEARCH}" owner="base_page" source_name="Input ${TEXT} For ${LOCATOR}">
<kw name="Wait Until Element Is Visible" owner="SeleniumLibrary">
<arg>${LOCATOR}</arg>
<doc>Waits until the element ``locator`` is visible.</doc>
<status status="PASS" start="2024-05-13T11:38:44.560636" elapsed="0.079193"/>
</kw>
<kw name="Clear Element Text" owner="SeleniumLibrary">
<arg>${LOCATOR}</arg>
<doc>Clears the value of the text-input-element identified by ``locator``.</doc>
<status status="PASS" start="2024-05-13T11:38:44.639829" elapsed="0.050436"/>
</kw>
<kw name="Input Text" owner="SeleniumLibrary">
<msg time="2024-05-13T11:38:44.690265" level="INFO">Typing text 'ball' into text field 'css:.instasearch-term'.</msg>
<arg>${LOCATOR}</arg>
<arg>${TEXT}</arg>
<doc>Types the given ``text`` into the text field identified by ``locator``.</doc>
<status status="PASS" start="2024-05-13T11:38:44.690265" elapsed="0.101883"/>
</kw>
<status status="PASS" start="2024-05-13T11:38:44.559639" elapsed="0.232509"/>
</kw>
<kw name="Click on ${SEARCH_BTN} button" owner="base_page" source_name="Click on ${LOCATOR} button">
<kw name="Click on the web element" owner="base_page">
<kw name="Wait Until Element Is Visible" owner="SeleniumLibrary">
<arg>${locator}</arg>
<doc>Waits until the element ``locator`` is visible.</doc>
<status status="PASS" start="2024-05-13T11:38:44.793145" elapsed="0.053855"/>
</kw>
<kw name="Wait Until Element Is Enabled" owner="SeleniumLibrary">
<arg>${locator}</arg>
<doc>Waits until the element ``locator`` is enabled.</doc>
<status status="PASS" start="2024-05-13T11:38:44.847000" elapsed="0.053862"/>
</kw>
<kw name="Click Element" owner="SeleniumLibrary">
<msg time="2024-05-13T11:38:44.901854" level="INFO">Clicking element 'css:.instasearch-button'.</msg>
<arg>${locator}</arg>
<doc>Click the element identified by ``locator``.</doc>
<status status="PASS" start="2024-05-13T11:38:44.900862" elapsed="1.443081"/>
</kw>
<arg>${LOCATOR}</arg>
<status status="PASS" start="2024-05-13T11:38:44.793145" elapsed="1.550798"/>
</kw>
<status status="PASS" start="2024-05-13T11:38:44.793145" elapsed="1.550798"/>
</kw>
<status status="PASS" start="2024-05-13T11:38:44.559639" elapsed="1.785296"/>
</kw>
<kw name="Verify that user search success" owner="search.pageobject">
<kw name="Verify a case" owner="base_page">
<kw name="Wait Until Element Is Visible" owner="SeleniumLibrary">
<arg>${LOCATOR}</arg>
<doc>Waits until the element ``locator`` is visible.</doc>
<status status="PASS" start="2024-05-13T11:38:46.347895" elapsed="0.079416"/>
</kw>
<kw name="Page Should Contain" owner="SeleniumLibrary">
<msg time="2024-05-13T11:38:46.451695" level="INFO">Current page contains text 'Search result for'.</msg>
<arg>${TEXT}</arg>
<doc>Verifies that current page contains ``text``.</doc>
<status status="PASS" start="2024-05-13T11:38:46.427311" elapsed="0.024384"/>
</kw>
<arg>${SUCCESS_TITLE}</arg>
<arg>${SUCCESS_TITLE_CSS}</arg>
<status status="PASS" start="2024-05-13T11:38:46.346930" elapsed="0.104765"/>
</kw>
<status status="PASS" start="2024-05-13T11:38:46.345897" elapsed="0.105798"/>
</kw>
<kw name="Close Browser" owner="SeleniumLibrary" type="TEARDOWN">
<doc>Closes the current browser.</doc>
<status status="PASS" start="2024-05-13T11:38:46.452728" elapsed="2.313906"/>
</kw>
<tag>High</tag>
<tag>Search</tag>
<tag>Smoke</tag>
<status status="PASS" start="2024-05-13T11:38:37.578704" elapsed="11.189282"/>
</test>
<test id="s1-s1-t6" name="Verify that user can search the content with uppercase characters when user is logged into the system" line="37">
<kw name="Access to ${URL_LOGIN}" owner="base_page" source_name="Access to ${URL}">
<kw name="Open Browser" owner="SeleniumLibrary">
<msg time="2024-05-13T11:38:48.776013" level="INFO">Opening browser 'chrome' to base url 'https://bearstore-testsite.smartbear.com/login'.</msg>
<arg>${URL}</arg>
<arg>${BROWSER}</arg>
<doc>Opens a new browser instance to the optional ``url``.</doc>
<status status="PASS" start="2024-05-13T11:38:48.775016" elapsed="4.940074"/>
</kw>
<kw name="Maximize Browser Window" owner="SeleniumLibrary">
<doc>Maximizes current browser window.</doc>
<status status="PASS" start="2024-05-13T11:38:53.716098" elapsed="0.068085"/>
</kw>
<status status="PASS" start="2024-05-13T11:38:48.774007" elapsed="5.010176"/>
</kw>
<kw name="Input username" owner="login_page">
<kw name="Input ${TEXT} For ${USERNAME_CSS}" owner="base_page" source_name="Input ${TEXT} For ${LOCATOR}">
<kw name="Wait Until Element Is Visible" owner="SeleniumLibrary">
<arg>${LOCATOR}</arg>
<doc>Waits until the element ``locator`` is visible.</doc>
<status status="PASS" start="2024-05-13T11:38:53.786166" elapsed="0.116978"/>
</kw>
<kw name="Clear Element Text" owner="SeleniumLibrary">
<arg>${LOCATOR}</arg>
<doc>Clears the value of the text-input-element identified by ``locator``.</doc>
<status status="PASS" start="2024-05-13T11:38:53.903144" elapsed="0.098157"/>
</kw>
<kw name="Input Text" owner="SeleniumLibrary">
<msg time="2024-05-13T11:38:54.001301" level="INFO">Typing text '@trantruc2001' into text field 'css:#UsernameOrEmail'.</msg>
<arg>${LOCATOR}</arg>
<arg>${TEXT}</arg>
<doc>Types the given ``text`` into the text field identified by ``locator``.</doc>
<status status="PASS" start="2024-05-13T11:38:54.001301" elapsed="0.132498"/>
</kw>
<status status="PASS" start="2024-05-13T11:38:53.786166" elapsed="0.347633"/>
</kw>
<arg>${USER_NAME_RIGHT}</arg>
<status status="PASS" start="2024-05-13T11:38:53.785168" elapsed="0.348631"/>
</kw>
<kw name="Input pass" owner="login_page">
<kw name="Input ${TEXT} For ${PASSWORD_CSS}" owner="base_page" source_name="Input ${TEXT} For ${LOCATOR}">
<kw name="Wait Until Element Is Visible" owner="SeleniumLibrary">
<arg>${LOCATOR}</arg>
<doc>Waits until the element ``locator`` is visible.</doc>
<status status="PASS" start="2024-05-13T11:38:54.136796" elapsed="0.045871"/>
</kw>
<kw name="Clear Element Text" owner="SeleniumLibrary">
<arg>${LOCATOR}</arg>
<doc>Clears the value of the text-input-element identified by ``locator``.</doc>
<status status="PASS" start="2024-05-13T11:38:54.182667" elapsed="0.047887"/>
</kw>
<kw name="Input Text" owner="SeleniumLibrary">
<msg time="2024-05-13T11:38:54.230554" level="INFO">Typing text 'TranPhuongNgocTruc20042001' into text field 'css:#Password'.</msg>
<arg>${LOCATOR}</arg>
<arg>${TEXT}</arg>
<doc>Types the given ``text`` into the text field identified by ``locator``.</doc>
<status status="PASS" start="2024-05-13T11:38:54.230554" elapsed="0.110622"/>
</kw>
<status status="PASS" start="2024-05-13T11:38:54.136796" elapsed="0.204380"/>
</kw>
<arg>${PASS_RIGHT}</arg>
<status status="PASS" start="2024-05-13T11:38:54.135800" elapsed="0.205376"/>
</kw>
<kw name="Click log in button" owner="login_page">
<kw name="Click on ${LOGIN_BTN_CSS} button" owner="base_page" source_name="Click on ${LOCATOR} button">
<kw name="Click on the web element" owner="base_page">
<kw name="Wait Until Element Is Visible" owner="SeleniumLibrary">
<arg>${locator}</arg>
<doc>Waits until the element ``locator`` is visible.</doc>
<status status="PASS" start="2024-05-13T11:38:54.343172" elapsed="0.025929"/>
</kw>
<kw name="Wait Until Element Is Enabled" owner="SeleniumLibrary">
<arg>${locator}</arg>
<doc>Waits until the element ``locator`` is enabled.</doc>
<status status="PASS" start="2024-05-13T11:38:54.369101" elapsed="0.027375"/>
</kw>
<kw name="Click Element" owner="SeleniumLibrary">
<msg time="2024-05-13T11:38:54.397496" level="INFO">Clicking element 'css:.btn-login'.</msg>
<arg>${locator}</arg>
<doc>Click the element identified by ``locator``.</doc>
<status status="PASS" start="2024-05-13T11:38:54.396476" elapsed="1.575311"/>
</kw>
<arg>${LOCATOR}</arg>
<status status="PASS" start="2024-05-13T11:38:54.343172" elapsed="1.628615"/>
</kw>
<status status="PASS" start="2024-05-13T11:38:54.343172" elapsed="1.628615"/>
</kw>
<status status="PASS" start="2024-05-13T11:38:54.342175" elapsed="1.629612"/>
</kw>
<kw name="Search with the BALL" owner="search.pageobject" source_name="Search with the ${CONTENT}">
<kw name="Input ${CONTENT} For ${INPUT_SEARCH}" owner="base_page" source_name="Input ${TEXT} For ${LOCATOR}">
<kw name="Wait Until Element Is Visible" owner="SeleniumLibrary">
<arg>${LOCATOR}</arg>
<doc>Waits until the element ``locator`` is visible.</doc>
<status status="PASS" start="2024-05-13T11:38:55.973796" elapsed="0.065928"/>
</kw>
<kw name="Clear Element Text" owner="SeleniumLibrary">
<arg>${LOCATOR}</arg>
<doc>Clears the value of the text-input-element identified by ``locator``.</doc>
<status status="PASS" start="2024-05-13T11:38:56.040722" elapsed="0.036912"/>
</kw>
<kw name="Input Text" owner="SeleniumLibrary">
<msg time="2024-05-13T11:38:56.077634" level="INFO">Typing text 'BALL' into text field 'css:.instasearch-term'.</msg>
<arg>${LOCATOR}</arg>
<arg>${TEXT}</arg>
<doc>Types the given ``text`` into the text field identified by ``locator``.</doc>
<status status="PASS" start="2024-05-13T11:38:56.077634" elapsed="0.113688"/>
</kw>
<status status="PASS" start="2024-05-13T11:38:55.973796" elapsed="0.217526"/>
</kw>
<kw name="Click on ${SEARCH_BTN} button" owner="base_page" source_name="Click on ${LOCATOR} button">
<kw name="Click on the web element" owner="base_page">
<kw name="Wait Until Element Is Visible" owner="SeleniumLibrary">
<arg>${locator}</arg>
<doc>Waits until the element ``locator`` is visible.</doc>
<status status="PASS" start="2024-05-13T11:38:56.193314" elapsed="0.044880"/>
</kw>
<kw name="Wait Until Element Is Enabled" owner="SeleniumLibrary">
<arg>${locator}</arg>
<doc>Waits until the element ``locator`` is enabled.</doc>
<status status="PASS" start="2024-05-13T11:38:56.239216" elapsed="0.049843"/>
</kw>
<kw name="Click Element" owner="SeleniumLibrary">
<msg time="2024-05-13T11:38:56.289059" level="INFO">Clicking element 'css:.instasearch-button'.</msg>
<arg>${locator}</arg>
<doc>Click the element identified by ``locator``.</doc>
<status status="PASS" start="2024-05-13T11:38:56.289059" elapsed="0.583878"/>
</kw>
<arg>${LOCATOR}</arg>
<status status="PASS" start="2024-05-13T11:38:56.192317" elapsed="0.680620"/>
</kw>
<status status="PASS" start="2024-05-13T11:38:56.192317" elapsed="0.680620"/>
</kw>
<status status="PASS" start="2024-05-13T11:38:55.972797" elapsed="0.900140"/>
</kw>
<kw name="Verify that user search success" owner="search.pageobject">
<kw name="Verify a case" owner="base_page">
<kw name="Wait Until Element Is Visible" owner="SeleniumLibrary">
<arg>${LOCATOR}</arg>
<doc>Waits until the element ``locator`` is visible.</doc>
<status status="PASS" start="2024-05-13T11:38:56.882910" elapsed="0.710738"/>
</kw>
<kw name="Page Should Contain" owner="SeleniumLibrary">
<msg time="2024-05-13T11:38:57.614574" level="INFO">Current page contains text 'Search result for'.</msg>
<arg>${TEXT}</arg>
<doc>Verifies that current page contains ``text``.</doc>
<status status="PASS" start="2024-05-13T11:38:57.593648" elapsed="0.020926"/>
</kw>
<arg>${SUCCESS_TITLE}</arg>
<arg>${SUCCESS_TITLE_CSS}</arg>
<status status="PASS" start="2024-05-13T11:38:56.882910" elapsed="0.731664"/>
</kw>
<status status="PASS" start="2024-05-13T11:38:56.882910" elapsed="0.731664"/>
</kw>
<kw name="Close Browser" owner="SeleniumLibrary" type="TEARDOWN">
<doc>Closes the current browser.</doc>
<status status="PASS" start="2024-05-13T11:38:57.615571" elapsed="2.319513"/>
</kw>
<tag>High</tag>
<tag>Search</tag>
<tag>Smoke</tag>
<status status="PASS" start="2024-05-13T11:38:48.772172" elapsed="11.164254"/>
</test>
<test id="s1-s1-t7" name="Verify that the user's search will fail with special characters when the user is logged into the system" line="45">
<kw name="Access to ${URL_LOGIN}" owner="base_page" source_name="Access to ${URL}">
<kw name="Open Browser" owner="SeleniumLibrary">
<msg time="2024-05-13T11:38:59.944580" level="INFO">Opening browser 'chrome' to base url 'https://bearstore-testsite.smartbear.com/login'.</msg>
<arg>${URL}</arg>
<arg>${BROWSER}</arg>
<doc>Opens a new browser instance to the optional ``url``.</doc>
<status status="PASS" start="2024-05-13T11:38:59.943582" elapsed="4.554687"/>
</kw>
<kw name="Maximize Browser Window" owner="SeleniumLibrary">
<doc>Maximizes current browser window.</doc>
<status status="PASS" start="2024-05-13T11:39:04.498269" elapsed="0.078033"/>
</kw>
<status status="PASS" start="2024-05-13T11:38:59.942556" elapsed="4.633746"/>
</kw>
<kw name="Input username" owner="login_page">
<kw name="Input ${TEXT} For ${USERNAME_CSS}" owner="base_page" source_name="Input ${TEXT} For ${LOCATOR}">
<kw name="Wait Until Element Is Visible" owner="SeleniumLibrary">
<arg>${LOCATOR}</arg>
<doc>Waits until the element ``locator`` is visible.</doc>
<status status="PASS" start="2024-05-13T11:39:04.587273" elapsed="0.071812"/>
</kw>
<kw name="Clear Element Text" owner="SeleniumLibrary">
<arg>${LOCATOR}</arg>
<doc>Clears the value of the text-input-element identified by ``locator``.</doc>
<status status="PASS" start="2024-05-13T11:39:04.660081" elapsed="0.097735"/>
</kw>
<kw name="Input Text" owner="SeleniumLibrary">
<msg time="2024-05-13T11:39:04.758815" level="INFO">Typing text '@trantruc2001' into text field 'css:#UsernameOrEmail'.</msg>
<arg>${LOCATOR}</arg>
<arg>${TEXT}</arg>
<doc>Types the given ``text`` into the text field identified by ``locator``.</doc>
<status status="PASS" start="2024-05-13T11:39:04.758815" elapsed="0.103624"/>
</kw>
<status status="PASS" start="2024-05-13T11:39:04.586283" elapsed="0.276156"/>
</kw>
<arg>${USER_NAME_RIGHT}</arg>
<status status="PASS" start="2024-05-13T11:39:04.586283" elapsed="0.276156"/>
</kw>
<kw name="Input pass" owner="login_page">
<kw name="Input ${TEXT} For ${PASSWORD_CSS}" owner="base_page" source_name="Input ${TEXT} For ${LOCATOR}">
<kw name="Wait Until Element Is Visible" owner="SeleniumLibrary">
<arg>${LOCATOR}</arg>
<doc>Waits until the element ``locator`` is visible.</doc>
<status status="PASS" start="2024-05-13T11:39:04.864463" elapsed="0.023908"/>
</kw>
<kw name="Clear Element Text" owner="SeleniumLibrary">
<arg>${LOCATOR}</arg>
<doc>Clears the value of the text-input-element identified by ``locator``.</doc>
<status status="PASS" start="2024-05-13T11:39:04.888371" elapsed="0.051865"/>
</kw>
<kw name="Input Text" owner="SeleniumLibrary">
<msg time="2024-05-13T11:39:04.940236" level="INFO">Typing text 'TranPhuongNgocTruc20042001' into text field 'css:#Password'.</msg>
<arg>${LOCATOR}</arg>
<arg>${TEXT}</arg>
<doc>Types the given ``text`` into the text field identified by ``locator``.</doc>
<status status="PASS" start="2024-05-13T11:39:04.940236" elapsed="0.109702"/>
</kw>
<status status="PASS" start="2024-05-13T11:39:04.863436" elapsed="0.187499"/>
</kw>
<arg>${PASS_RIGHT}</arg>
<status status="PASS" start="2024-05-13T11:39:04.863436" elapsed="0.187499"/>
</kw>
<kw name="Click log in button" owner="login_page">
<kw name="Click on ${LOGIN_BTN_CSS} button" owner="base_page" source_name="Click on ${LOCATOR} button">
<kw name="Click on the web element" owner="base_page">
<kw name="Wait Until Element Is Visible" owner="SeleniumLibrary">
<arg>${locator}</arg>
<doc>Waits until the element ``locator`` is visible.</doc>
<status status="PASS" start="2024-05-13T11:39:05.051932" elapsed="0.016957"/>
</kw>
<kw name="Wait Until Element Is Enabled" owner="SeleniumLibrary">
<arg>${locator}</arg>
<doc>Waits until the element ``locator`` is enabled.</doc>
<status status="PASS" start="2024-05-13T11:39:05.068889" elapsed="0.019944"/>
</kw>
<kw name="Click Element" owner="SeleniumLibrary">
<msg time="2024-05-13T11:39:05.088833" level="INFO">Clicking element 'css:.btn-login'.</msg>
<arg>${locator}</arg>
<doc>Click the element identified by ``locator``.</doc>
<status status="PASS" start="2024-05-13T11:39:05.088833" elapsed="1.092390"/>
</kw>
<arg>${LOCATOR}</arg>
<status status="PASS" start="2024-05-13T11:39:05.051932" elapsed="1.129291"/>
</kw>
<status status="PASS" start="2024-05-13T11:39:05.050935" elapsed="1.131288"/>
</kw>
<status status="PASS" start="2024-05-13T11:39:05.050935" elapsed="1.131288"/>
</kw>
<kw name="Search with the #@!" owner="search.pageobject" source_name="Search with the ${CONTENT}">
<kw name="Input ${CONTENT} For ${INPUT_SEARCH}" owner="base_page" source_name="Input ${TEXT} For ${LOCATOR}">
<kw name="Wait Until Element Is Visible" owner="SeleniumLibrary">
<arg>${LOCATOR}</arg>
<doc>Waits until the element ``locator`` is visible.</doc>
<status status="PASS" start="2024-05-13T11:39:06.183446" elapsed="0.022148"/>
</kw>
<kw name="Clear Element Text" owner="SeleniumLibrary">
<arg>${LOCATOR}</arg>
<doc>Clears the value of the text-input-element identified by ``locator``.</doc>
<status status="PASS" start="2024-05-13T11:39:06.205594" elapsed="0.041126"/>
</kw>
<kw name="Input Text" owner="SeleniumLibrary">
<msg time="2024-05-13T11:39:06.246720" level="INFO">Typing text '#@!' into text field 'css:.instasearch-term'.</msg>
<arg>${LOCATOR}</arg>
<arg>${TEXT}</arg>
<doc>Types the given ``text`` into the text field identified by ``locator``.</doc>
<status status="PASS" start="2024-05-13T11:39:06.246720" elapsed="0.159948"/>
</kw>
<status status="PASS" start="2024-05-13T11:39:06.182420" elapsed="0.224248"/>
</kw>
<kw name="Click on ${SEARCH_BTN} button" owner="base_page" source_name="Click on ${LOCATOR} button">
<kw name="Click on the web element" owner="base_page">
<kw name="Wait Until Element Is Visible" owner="SeleniumLibrary">
<arg>${locator}</arg>
<doc>Waits until the element ``locator`` is visible.</doc>
<status status="PASS" start="2024-05-13T11:39:06.407661" elapsed="0.049866"/>
</kw>
<kw name="Wait Until Element Is Enabled" owner="SeleniumLibrary">
<arg>${locator}</arg>
<doc>Waits until the element ``locator`` is enabled.</doc>
<status status="PASS" start="2024-05-13T11:39:06.458525" elapsed="0.053857"/>
</kw>
<kw name="Click Element" owner="SeleniumLibrary">
<msg time="2024-05-13T11:39:06.513380" level="INFO">Clicking element 'css:.instasearch-button'.</msg>
<arg>${locator}</arg>
<doc>Click the element identified by ``locator``.</doc>
<status status="PASS" start="2024-05-13T11:39:06.513380" elapsed="0.825271"/>
</kw>
<arg>${LOCATOR}</arg>
<status status="PASS" start="2024-05-13T11:39:06.407661" elapsed="0.930990"/>
</kw>
<status status="PASS" start="2024-05-13T11:39:06.406668" elapsed="0.931983"/>
</kw>
<status status="PASS" start="2024-05-13T11:39:06.182420" elapsed="1.156231"/>
</kw>
<kw name="Verify that user search fail when it did not match any products" owner="search.pageobject">
<kw name="Verify a case" owner="base_page">
<kw name="Wait Until Element Is Visible" owner="SeleniumLibrary">
<arg>${LOCATOR}</arg>
<doc>Waits until the element ``locator`` is visible.</doc>
<status status="PASS" start="2024-05-13T11:39:07.340649" elapsed="0.035483"/>
</kw>
<kw name="Page Should Contain" owner="SeleniumLibrary">
<msg time="2024-05-13T11:39:07.395372" level="INFO">Current page contains text 'Your search did not match any products.'.</msg>
<arg>${TEXT}</arg>
<doc>Verifies that current page contains ``text``.</doc>
<status status="PASS" start="2024-05-13T11:39:07.376132" elapsed="0.019240"/>
</kw>
<arg>${ALERT_TITLE}</arg>
<arg>${ALERT_TITLE_CSS}</arg>
<status status="PASS" start="2024-05-13T11:39:07.340649" elapsed="0.054723"/>
</kw>
<status status="PASS" start="2024-05-13T11:39:07.339652" elapsed="0.055720"/>
</kw>
<kw name="Close Browser" owner="SeleniumLibrary" type="TEARDOWN">
<doc>Closes the current browser.</doc>
<status status="PASS" start="2024-05-13T11:39:07.396379" elapsed="2.349391"/>
</kw>
<tag>High</tag>
<tag>Search</tag>
<tag>Smoke</tag>
<status status="PASS" start="2024-05-13T11:38:59.940575" elapsed="9.806547"/>
</test>
<test id="s1-s1-t8" name="Verify that the user's search will fail with whitespace characters when the user is logged into the system" line="53">
<kw name="Access to ${URL_LOGIN}" owner="base_page" source_name="Access to ${URL}">
<kw name="Open Browser" owner="SeleniumLibrary">
<msg time="2024-05-13T11:39:09.755055" level="INFO">Opening browser 'chrome' to base url 'https://bearstore-testsite.smartbear.com/login'.</msg>
<arg>${URL}</arg>
<arg>${BROWSER}</arg>
<doc>Opens a new browser instance to the optional ``url``.</doc>
<status status="PASS" start="2024-05-13T11:39:09.754059" elapsed="4.437603"/>
</kw>
<kw name="Maximize Browser Window" owner="SeleniumLibrary">
<doc>Maximizes current browser window.</doc>
<status status="PASS" start="2024-05-13T11:39:14.192660" elapsed="0.060996"/>
</kw>
<status status="PASS" start="2024-05-13T11:39:09.753051" elapsed="4.500605"/>
</kw>
<kw name="Input username" owner="login_page">
<kw name="Input ${TEXT} For ${USERNAME_CSS}" owner="base_page" source_name="Input ${TEXT} For ${LOCATOR}">
<kw name="Wait Until Element Is Visible" owner="SeleniumLibrary">
<arg>${LOCATOR}</arg>
<doc>Waits until the element ``locator`` is visible.</doc>
<status status="PASS" start="2024-05-13T11:39:14.259640" elapsed="0.113695"/>
</kw>
<kw name="Clear Element Text" owner="SeleniumLibrary">
<arg>${LOCATOR}</arg>
<doc>Clears the value of the text-input-element identified by ``locator``.</doc>
<status status="PASS" start="2024-05-13T11:39:14.373335" elapsed="0.093750"/>
</kw>
<kw name="Input Text" owner="SeleniumLibrary">
<msg time="2024-05-13T11:39:14.468082" level="INFO">Typing text '@trantruc2001' into text field 'css:#UsernameOrEmail'.</msg>
<arg>${LOCATOR}</arg>
<arg>${TEXT}</arg>
<doc>Types the given ``text`` into the text field identified by ``locator``.</doc>
<status status="PASS" start="2024-05-13T11:39:14.468082" elapsed="0.105099"/>
</kw>
<status status="PASS" start="2024-05-13T11:39:14.259640" elapsed="0.314568"/>
</kw>
<arg>${USER_NAME_RIGHT}</arg>
<status status="PASS" start="2024-05-13T11:39:14.258642" elapsed="0.315566"/>
</kw>
<kw name="Input pass" owner="login_page">
<kw name="Input ${TEXT} For ${PASSWORD_CSS}" owner="base_page" source_name="Input ${TEXT} For ${LOCATOR}">
<kw name="Wait Until Element Is Visible" owner="SeleniumLibrary">
<arg>${LOCATOR}</arg>
<doc>Waits until the element ``locator`` is visible.</doc>
<status status="PASS" start="2024-05-13T11:39:14.576179" elapsed="0.032906"/>
</kw>
<kw name="Clear Element Text" owner="SeleniumLibrary">
<arg>${LOCATOR}</arg>
<doc>Clears the value of the text-input-element identified by ``locator``.</doc>
<status status="PASS" start="2024-05-13T11:39:14.609085" elapsed="0.041888"/>
</kw>
<kw name="Input Text" owner="SeleniumLibrary">
<msg time="2024-05-13T11:39:14.650973" level="INFO">Typing text 'TranPhuongNgocTruc20042001' into text field 'css:#Password'.</msg>
<arg>${LOCATOR}</arg>
<arg>${TEXT}</arg>
<doc>Types the given ``text`` into the text field identified by ``locator``.</doc>
<status status="PASS" start="2024-05-13T11:39:14.650973" elapsed="0.118854"/>
</kw>
<status status="PASS" start="2024-05-13T11:39:14.576179" elapsed="0.193648"/>
</kw>
<arg>${PASS_RIGHT}</arg>
<status status="PASS" start="2024-05-13T11:39:14.575181" elapsed="0.194646"/>
</kw>
<kw name="Click log in button" owner="login_page">
<kw name="Click on ${LOGIN_BTN_CSS} button" owner="base_page" source_name="Click on ${LOCATOR} button">
<kw name="Click on the web element" owner="base_page">
<kw name="Wait Until Element Is Visible" owner="SeleniumLibrary">
<arg>${locator}</arg>
<doc>Waits until the element ``locator`` is visible.</doc>
<status status="PASS" start="2024-05-13T11:39:14.771848" elapsed="0.018932"/>
</kw>
<kw name="Wait Until Element Is Enabled" owner="SeleniumLibrary">
<arg>${locator}</arg>
<doc>Waits until the element ``locator`` is enabled.</doc>
<status status="PASS" start="2024-05-13T11:39:14.791777" elapsed="0.020891"/>
</kw>
<kw name="Click Element" owner="SeleniumLibrary">
<msg time="2024-05-13T11:39:14.813697" level="INFO">Clicking element 'css:.btn-login'.</msg>
<arg>${locator}</arg>
<doc>Click the element identified by ``locator``.</doc>
<status status="PASS" start="2024-05-13T11:39:14.812668" elapsed="1.130327"/>
</kw>
<arg>${LOCATOR}</arg>
<status status="PASS" start="2024-05-13T11:39:14.770828" elapsed="1.173173"/>
</kw>
<status status="PASS" start="2024-05-13T11:39:14.770828" elapsed="1.173173"/>
</kw>
<status status="PASS" start="2024-05-13T11:39:14.770828" elapsed="1.173173"/>
</kw>
<kw name="Search with the ${Empty}" owner="search.pageobject" source_name="Search with the ${CONTENT}">
<kw name="Input ${CONTENT} For ${INPUT_SEARCH}" owner="base_page" source_name="Input ${TEXT} For ${LOCATOR}">
<kw name="Wait Until Element Is Visible" owner="SeleniumLibrary">
<arg>${LOCATOR}</arg>
<doc>Waits until the element ``locator`` is visible.</doc>
<status status="PASS" start="2024-05-13T11:39:15.945986" elapsed="0.020258"/>
</kw>
<kw name="Clear Element Text" owner="SeleniumLibrary">
<arg>${LOCATOR}</arg>
<doc>Clears the value of the text-input-element identified by ``locator``.</doc>
<status status="PASS" start="2024-05-13T11:39:15.966244" elapsed="0.036901"/>
</kw>
<kw name="Input Text" owner="SeleniumLibrary">
<msg time="2024-05-13T11:39:16.003145" level="INFO">Typing text '\' into text field 'css:.instasearch-term'.</msg>
<arg>${LOCATOR}</arg>
<arg>${TEXT}</arg>
<doc>Types the given ``text`` into the text field identified by ``locator``.</doc>
<status status="PASS" start="2024-05-13T11:39:16.003145" elapsed="0.088763"/>
</kw>
<status status="PASS" start="2024-05-13T11:39:15.945986" elapsed="0.145922"/>
</kw>
<kw name="Click on ${SEARCH_BTN} button" owner="base_page" source_name="Click on ${LOCATOR} button">
<kw name="Click on the web element" owner="base_page">
<kw name="Wait Until Element Is Visible" owner="SeleniumLibrary">
<arg>${locator}</arg>
<doc>Waits until the element ``locator`` is visible.</doc>
<status status="PASS" start="2024-05-13T11:39:16.094908" elapsed="0.061826"/>
</kw>
<kw name="Wait Until Element Is Enabled" owner="SeleniumLibrary">
<arg>${locator}</arg>
<doc>Waits until the element ``locator`` is enabled.</doc>
<status status="PASS" start="2024-05-13T11:39:16.157732" elapsed="0.053856"/>
</kw>
<kw name="Click Element" owner="SeleniumLibrary">
<msg time="2024-05-13T11:39:16.212585" level="INFO">Clicking element 'css:.instasearch-button'.</msg>
<arg>${locator}</arg>
<doc>Click the element identified by ``locator``.</doc>
<status status="PASS" start="2024-05-13T11:39:16.211588" elapsed="0.338732"/>
</kw>
<arg>${LOCATOR}</arg>
<status status="PASS" start="2024-05-13T11:39:16.093908" elapsed="0.457409"/>
</kw>
<status status="PASS" start="2024-05-13T11:39:16.092907" elapsed="0.458410"/>
</kw>
<status status="PASS" start="2024-05-13T11:39:15.945009" elapsed="0.606308"/>
</kw>
<kw name="Verify users search fail when data is whitespace" owner="search.pageobject">
<kw name="Verify a case" owner="base_page">
<kw name="Wait Until Element Is Visible" owner="SeleniumLibrary">
<arg>${LOCATOR}</arg>
<doc>Waits until the element ``locator`` is visible.</doc>
<status status="PASS" start="2024-05-13T11:39:16.562290" elapsed="0.594387"/>
</kw>
<kw name="Page Should Contain" owner="SeleniumLibrary">
<msg time="2024-05-13T11:39:17.179578" level="INFO">Current page contains text 'The minimum length for the search term is 2 characters.'.</msg>
<arg>${TEXT}</arg>
<doc>Verifies that current page contains ``text``.</doc>
<status status="PASS" start="2024-05-13T11:39:17.157713" elapsed="0.021865"/>
</kw>
<arg>${DANGER_TITLE}</arg>
<arg>${DANGER_TITLE_CSS}</arg>
<status status="PASS" start="2024-05-13T11:39:16.560294" elapsed="0.619284"/>
</kw>
<status status="PASS" start="2024-05-13T11:39:16.559296" elapsed="0.620282"/>
</kw>
<kw name="Close Browser" owner="SeleniumLibrary" type="TEARDOWN">
<doc>Closes the current browser.</doc>
<status status="PASS" start="2024-05-13T11:39:17.180574" elapsed="2.306483"/>
</kw>
<tag>High</tag>
<tag>Search</tag>
<status status="PASS" start="2024-05-13T11:39:09.750946" elapsed="9.737061"/>
</test>
<status status="PASS" start="2024-05-13T11:37:59.665624" elapsed="79.824451"/>
</suite>
<status status="PASS" start="2024-05-13T11:37:59.630718" elapsed="79.860601"/>
</suite>
<statistics>
<total>
<stat pass="8" fail="0" skip="0">All Tests</stat>
</total>
<tag>
<stat pass="8" fail="0" skip="0">High</stat>
<stat pass="8" fail="0" skip="0">Search</stat>
<stat pass="6" fail="0" skip="0">Smoke</stat>
</tag>
<suite>
<stat pass="8" fail="0" skip="0" id="s1" name="Tests">Tests</stat>
<stat pass="8" fail="0" skip="0" id="s1-s1" name="Search Suite">Tests.Search Suite</stat>
</suite>
</statistics>
<errors>
</errors>
</robot>
